2014/05/18 11:07:06 [error] [exception.CHttpException.404] exception 'CHttpException' with message 'Unable to resolve the request "admin/test".' in K:\apmxe\htdocs\yii\framework\web\CWebApplication.php:286
Stack trace:
#0 K:\apmxe\htdocs\yii\framework\web\CWebApplication.php(141): CWebApplication->runController('admin/test')
#1 K:\apmxe\htdocs\yii\framework\base\CApplication.php(180): CWebApplication->processRequest()
#2 K:\apmxe\htdocs\weblib\index.php(13): CApplication->run()
#3 {main}
REQUEST_URI=/weblib/index.php?r=admin/test
---
2014/05/18 11:07:10 [error] [exception.CHttpException.404] exception 'CHttpException' with message 'The system is unable to find the requested action "test".' in K:\apmxe\htdocs\yii\framework\web\CController.php:483
Stack trace:
#0 K:\apmxe\htdocs\yii\framework\web\CController.php(270): CController->missingAction('test')
#1 K:\apmxe\htdocs\yii\framework\web\CWebApplication.php(282): CController->run('test')
#2 K:\apmxe\htdocs\yii\framework\web\CWebApplication.php(141): CWebApplication->runController('admin/doc/test')
#3 K:\apmxe\htdocs\yii\framework\base\CApplication.php(180): CWebApplication->processRequest()
#4 K:\apmxe\htdocs\weblib\index.php(13): CApplication->run()
#5 {main}
REQUEST_URI=/weblib/index.php?r=admin/doc/test
---
2014/05/18 11:07:15 [error] [exception.CHttpException.404] exception 'CHttpException' with message 'The system is unable to find the requested action "pages".' in K:\apmxe\htdocs\yii\framework\web\CController.php:483
Stack trace:
#0 K:\apmxe\htdocs\yii\framework\web\CController.php(270): CController->missingAction('pages')
#1 K:\apmxe\htdocs\yii\framework\web\CWebApplication.php(282): CController->run('pages')
#2 K:\apmxe\htdocs\yii\framework\web\CWebApplication.php(141): CWebApplication->runController('admin/doc/pages...')
#3 K:\apmxe\htdocs\yii\framework\base\CApplication.php(180): CWebApplication->processRequest()
#4 K:\apmxe\htdocs\weblib\index.php(13): CApplication->run()
#5 {main}
REQUEST_URI=/weblib/index.php?r=admin/doc/pages/test
---
2014/05/18 11:07:40 [error] [exception.CHttpException.404] exception 'CHttpException' with message 'The system is unable to find the requested action "pages".' in K:\apmxe\htdocs\yii\framework\web\CController.php:483
Stack trace:
#0 K:\apmxe\htdocs\yii\framework\web\CController.php(270): CController->missingAction('pages')
#1 K:\apmxe\htdocs\yii\framework\web\CWebApplication.php(282): CController->run('pages')
#2 K:\apmxe\htdocs\yii\framework\web\CWebApplication.php(141): CWebApplication->runController('admin/doc/pages')
#3 K:\apmxe\htdocs\yii\framework\base\CApplication.php(180): CWebApplication->processRequest()
#4 K:\apmxe\htdocs\weblib\index.php(13): CApplication->run()
#5 {main}
REQUEST_URI=/weblib/index.php?r=admin/doc/pages&view=test
---
2014/05/18 15:42:06 [error] [php] require_once(htmlextract.class.php) [<a href='function.require-once'>function.require-once</a>]: failed to open stream: No such file or directory (K:\apmxe\htdocs\weblib\protected\controllers\TestController.php:12)
Stack trace:
#0 K:\apmxe\htdocs\yii\framework\web\CController.php(308): CInlineAction->runWithParams()
#1 K:\apmxe\htdocs\yii\framework\web\CController.php(286): TestController->runAction()
#2 K:\apmxe\htdocs\yii\framework\web\CController.php(265): TestController->runActionWithFilters()
#3 K:\apmxe\htdocs\yii\framework\web\CWebApplication.php(282): TestController->run()
#4 K:\apmxe\htdocs\yii\framework\web\CWebApplication.php(141): CWebApplication->runController()
#5 K:\apmxe\htdocs\yii\framework\base\CApplication.php(180): CWebApplication->processRequest()
#6 K:\apmxe\htdocs\weblib\index.php(13): CWebApplication->run()
REQUEST_URI=/weblib/index.php?r=test/htmlextract
in K:\apmxe\htdocs\weblib\protected\controllers\TestController.php (12)
in K:\apmxe\htdocs\weblib\protected\controllers\TestController.php (12)
in K:\apmxe\htdocs\weblib\index.php (13)
2014/05/18 15:48:50 [error] [php] require_once(htmlextract/htmlextract.class.php) [<a href='function.require-once'>function.require-once</a>]: failed to open stream: No such file or directory (K:\apmxe\htdocs\weblib\protected\controllers\TestController.php:13)
Stack trace:
#0 K:\apmxe\htdocs\yii\framework\web\CController.php(308): CInlineAction->runWithParams()
#1 K:\apmxe\htdocs\yii\framework\web\CController.php(286): TestController->runAction()
#2 K:\apmxe\htdocs\yii\framework\web\CController.php(265): TestController->runActionWithFilters()
#3 K:\apmxe\htdocs\yii\framework\web\CWebApplication.php(282): TestController->run()
#4 K:\apmxe\htdocs\yii\framework\web\CWebApplication.php(141): CWebApplication->runController()
#5 K:\apmxe\htdocs\yii\framework\base\CApplication.php(180): CWebApplication->processRequest()
#6 K:\apmxe\htdocs\weblib\index.php(13): CWebApplication->run()
REQUEST_URI=/weblib/index.php?r=test/htmlextract
in K:\apmxe\htdocs\weblib\protected\controllers\TestController.php (13)
in K:\apmxe\htdocs\weblib\protected\controllers\TestController.php (13)
in K:\apmxe\htdocs\weblib\index.php (13)
2014/05/18 15:48:58 [error] [php] require_once(htmlextract/htmlextract.class.php) [<a href='function.require-once'>function.require-once</a>]: failed to open stream: No such file or directory (K:\apmxe\htdocs\weblib\protected\controllers\TestController.php:4)
Stack trace:
#0 K:\apmxe\htdocs\yii\framework\web\CWebApplication.php(276): CWebApplication->createController()
#1 K:\apmxe\htdocs\yii\framework\web\CWebApplication.php(141): CWebApplication->runController()
#2 K:\apmxe\htdocs\yii\framework\base\CApplication.php(180): CWebApplication->processRequest()
#3 K:\apmxe\htdocs\weblib\index.php(13): CWebApplication->run()
REQUEST_URI=/weblib/index.php?r=test/htmlextract
in K:\apmxe\htdocs\weblib\protected\controllers\TestController.php (4)
in K:\apmxe\htdocs\weblib\protected\controllers\TestController.php (4)
in K:\apmxe\htdocs\weblib\index.php (13)
2014/05/18 15:49:48 [error] [php] preg_match_all() [<a href='function.preg-match-all'>function.preg-match-all</a>]: Delimiter must not be alphanumeric or backslash (K:\apmxe\htdocs\weblib\protected\controllers\TestController.php:17)
Stack trace:
#0 K:\apmxe\htdocs\yii\framework\web\CController.php(308): CInlineAction->runWithParams()
#1 K:\apmxe\htdocs\yii\framework\web\CController.php(286): TestController->runAction()
#2 K:\apmxe\htdocs\yii\framework\web\CController.php(265): TestController->runActionWithFilters()
#3 K:\apmxe\htdocs\yii\framework\web\CWebApplication.php(282): TestController->run()
#4 K:\apmxe\htdocs\yii\framework\web\CWebApplication.php(141): CWebApplication->runController()
#5 K:\apmxe\htdocs\yii\framework\base\CApplication.php(180): CWebApplication->processRequest()
#6 K:\apmxe\htdocs\weblib\index.php(13): CWebApplication->run()
REQUEST_URI=/weblib/index.php?r=test/htmlextract
in K:\apmxe\htdocs\weblib\protected\controllers\TestController.php (17)
in K:\apmxe\htdocs\weblib\index.php (13)
2014/05/18 15:50:37 [error] [php] preg_match_all() [<a href='function.preg-match-all'>function.preg-match-all</a>]: Delimiter must not be alphanumeric or backslash (K:\apmxe\htdocs\weblib\protected\controllers\TestController.php:17)
Stack trace:
#0 K:\apmxe\htdocs\yii\framework\web\CController.php(308): CInlineAction->runWithParams()
#1 K:\apmxe\htdocs\yii\framework\web\CController.php(286): TestController->runAction()
#2 K:\apmxe\htdocs\yii\framework\web\CController.php(265): TestController->runActionWithFilters()
#3 K:\apmxe\htdocs\yii\framework\web\CWebApplication.php(282): TestController->run()
#4 K:\apmxe\htdocs\yii\framework\web\CWebApplication.php(141): CWebApplication->runController()
#5 K:\apmxe\htdocs\yii\framework\base\CApplication.php(180): CWebApplication->processRequest()
#6 K:\apmxe\htdocs\weblib\index.php(13): CWebApplication->run()
REQUEST_URI=/weblib/index.php?r=test/htmlextract
in K:\apmxe\htdocs\weblib\protected\controllers\TestController.php (17)
in K:\apmxe\htdocs\weblib\index.php (13)
2014/05/18 15:52:00 [error] [php] Undefined offset:  0 (K:\apmxe\htdocs\weblib\protected\controllers\TestController.php:19)
Stack trace:
#0 K:\apmxe\htdocs\yii\framework\web\CController.php(286): TestController->runAction()
#1 K:\apmxe\htdocs\yii\framework\web\CController.php(265): TestController->runActionWithFilters()
#2 K:\apmxe\htdocs\yii\framework\web\CWebApplication.php(282): TestController->run()
#3 K:\apmxe\htdocs\yii\framework\web\CWebApplication.php(141): CWebApplication->runController()
#4 K:\apmxe\htdocs\yii\framework\base\CApplication.php(180): CWebApplication->processRequest()
#5 K:\apmxe\htdocs\weblib\index.php(13): CWebApplication->run()
REQUEST_URI=/weblib/index.php?r=test/htmlextract
in K:\apmxe\htdocs\weblib\protected\controllers\TestController.php (19)
in K:\apmxe\htdocs\weblib\index.php (13)
2014/05/18 15:52:27 [error] [php] Undefined offset:  0 (K:\apmxe\htdocs\weblib\protected\controllers\TestController.php:20)
Stack trace:
#0 K:\apmxe\htdocs\yii\framework\web\CController.php(286): TestController->runAction()
#1 K:\apmxe\htdocs\yii\framework\web\CController.php(265): TestController->runActionWithFilters()
#2 K:\apmxe\htdocs\yii\framework\web\CWebApplication.php(282): TestController->run()
#3 K:\apmxe\htdocs\yii\framework\web\CWebApplication.php(141): CWebApplication->runController()
#4 K:\apmxe\htdocs\yii\framework\base\CApplication.php(180): CWebApplication->processRequest()
#5 K:\apmxe\htdocs\weblib\index.php(13): CWebApplication->run()
REQUEST_URI=/weblib/index.php?r=test/htmlextract
in K:\apmxe\htdocs\weblib\protected\controllers\TestController.php (20)
in K:\apmxe\htdocs\weblib\index.php (13)
2014/05/18 15:52:59 [error] [php] Undefined offset:  0 (K:\apmxe\htdocs\weblib\protected\controllers\TestController.php:21)
Stack trace:
#0 K:\apmxe\htdocs\yii\framework\web\CController.php(286): TestController->runAction()
#1 K:\apmxe\htdocs\yii\framework\web\CController.php(265): TestController->runActionWithFilters()
#2 K:\apmxe\htdocs\yii\framework\web\CWebApplication.php(282): TestController->run()
#3 K:\apmxe\htdocs\yii\framework\web\CWebApplication.php(141): CWebApplication->runController()
#4 K:\apmxe\htdocs\yii\framework\base\CApplication.php(180): CWebApplication->processRequest()
#5 K:\apmxe\htdocs\weblib\index.php(13): CWebApplication->run()
REQUEST_URI=/weblib/index.php?r=test/htmlextract
in K:\apmxe\htdocs\weblib\protected\controllers\TestController.php (21)
in K:\apmxe\htdocs\weblib\index.php (13)
2014/05/18 15:53:18 [error] [php] Undefined offset:  0 (K:\apmxe\htdocs\weblib\protected\controllers\TestController.php:22)
Stack trace:
#0 K:\apmxe\htdocs\yii\framework\web\CController.php(286): TestController->runAction()
#1 K:\apmxe\htdocs\yii\framework\web\CController.php(265): TestController->runActionWithFilters()
#2 K:\apmxe\htdocs\yii\framework\web\CWebApplication.php(282): TestController->run()
#3 K:\apmxe\htdocs\yii\framework\web\CWebApplication.php(141): CWebApplication->runController()
#4 K:\apmxe\htdocs\yii\framework\base\CApplication.php(180): CWebApplication->processRequest()
#5 K:\apmxe\htdocs\weblib\index.php(13): CWebApplication->run()
REQUEST_URI=/weblib/index.php?r=test/htmlextract
in K:\apmxe\htdocs\weblib\protected\controllers\TestController.php (22)
in K:\apmxe\htdocs\weblib\index.php (13)
2014/05/18 15:53:38 [error] [php] Undefined offset:  0 (K:\apmxe\htdocs\weblib\protected\controllers\TestController.php:25)
Stack trace:
#0 K:\apmxe\htdocs\yii\framework\web\CController.php(286): TestController->runAction()
#1 K:\apmxe\htdocs\yii\framework\web\CController.php(265): TestController->runActionWithFilters()
#2 K:\apmxe\htdocs\yii\framework\web\CWebApplication.php(282): TestController->run()
#3 K:\apmxe\htdocs\yii\framework\web\CWebApplication.php(141): CWebApplication->runController()
#4 K:\apmxe\htdocs\yii\framework\base\CApplication.php(180): CWebApplication->processRequest()
#5 K:\apmxe\htdocs\weblib\index.php(13): CWebApplication->run()
REQUEST_URI=/weblib/index.php?r=test/htmlextract
in K:\apmxe\htdocs\weblib\protected\controllers\TestController.php (25)
in K:\apmxe\htdocs\weblib\index.php (13)
2014/05/18 15:53:40 [error] [php] Undefined offset:  0 (K:\apmxe\htdocs\weblib\protected\controllers\TestController.php:25)
Stack trace:
#0 K:\apmxe\htdocs\yii\framework\web\CController.php(286): TestController->runAction()
#1 K:\apmxe\htdocs\yii\framework\web\CController.php(265): TestController->runActionWithFilters()
#2 K:\apmxe\htdocs\yii\framework\web\CWebApplication.php(282): TestController->run()
#3 K:\apmxe\htdocs\yii\framework\web\CWebApplication.php(141): CWebApplication->runController()
#4 K:\apmxe\htdocs\yii\framework\base\CApplication.php(180): CWebApplication->processRequest()
#5 K:\apmxe\htdocs\weblib\index.php(13): CWebApplication->run()
REQUEST_URI=/weblib/index.php?r=test/htmlextract
in K:\apmxe\htdocs\weblib\protected\controllers\TestController.php (25)
in K:\apmxe\htdocs\weblib\index.php (13)
2014/05/18 15:54:48 [error] [php] preg_match() [<a href='function.preg-match'>function.preg-match</a>]: Unknown modifier '/' (K:\apmxe\htdocs\weblib\protected\vendor\htmlextract\htmlextract.class.php:28)
Stack trace:
#0 K:\apmxe\htdocs\weblib\protected\controllers\TestController.php(27): HtmlExtract->getContent()
#1 K:\apmxe\htdocs\yii\framework\web\actions\CInlineAction.php(49): TestController->actionHtmlExtract()
#2 K:\apmxe\htdocs\yii\framework\web\CController.php(308): CInlineAction->runWithParams()
#3 K:\apmxe\htdocs\yii\framework\web\CController.php(286): TestController->runAction()
#4 K:\apmxe\htdocs\yii\framework\web\CController.php(265): TestController->runActionWithFilters()
#5 K:\apmxe\htdocs\yii\framework\web\CWebApplication.php(282): TestController->run()
#6 K:\apmxe\htdocs\yii\framework\web\CWebApplication.php(141): CWebApplication->runController()
#7 K:\apmxe\htdocs\yii\framework\base\CApplication.php(180): CWebApplication->processRequest()
#8 K:\apmxe\htdocs\weblib\index.php(13): CWebApplication->run()
REQUEST_URI=/weblib/index.php?r=test/htmlextract
in K:\apmxe\htdocs\weblib\protected\vendor\htmlextract\htmlextract.class.php (28)
in K:\apmxe\htdocs\weblib\protected\vendor\htmlextract\htmlextract.class.php (49)
in K:\apmxe\htdocs\weblib\protected\controllers\TestController.php (27)
2014/05/18 15:56:51 [error] [php] preg_match() [<a href='function.preg-match'>function.preg-match</a>]: Unknown modifier '/' (K:\apmxe\htdocs\weblib\protected\vendor\htmlextract\htmlextract.class.php:28)
Stack trace:
#0 K:\apmxe\htdocs\weblib\protected\controllers\TestController.php(27): HtmlExtract->getContent()
#1 K:\apmxe\htdocs\yii\framework\web\actions\CInlineAction.php(49): TestController->actionHtmlExtract()
#2 K:\apmxe\htdocs\yii\framework\web\CController.php(308): CInlineAction->runWithParams()
#3 K:\apmxe\htdocs\yii\framework\web\CController.php(286): TestController->runAction()
#4 K:\apmxe\htdocs\yii\framework\web\CController.php(265): TestController->runActionWithFilters()
#5 K:\apmxe\htdocs\yii\framework\web\CWebApplication.php(282): TestController->run()
#6 K:\apmxe\htdocs\yii\framework\web\CWebApplication.php(141): CWebApplication->runController()
#7 K:\apmxe\htdocs\yii\framework\base\CApplication.php(180): CWebApplication->processRequest()
#8 K:\apmxe\htdocs\weblib\index.php(13): CWebApplication->run()
REQUEST_URI=/weblib/index.php?r=test/htmlextract
in K:\apmxe\htdocs\weblib\protected\vendor\htmlextract\htmlextract.class.php (28)
in K:\apmxe\htdocs\weblib\protected\vendor\htmlextract\htmlextract.class.php (49)
in K:\apmxe\htdocs\weblib\protected\controllers\TestController.php (27)
2014/05/18 15:57:12 [error] [php] preg_match() [<a href='function.preg-match'>function.preg-match</a>]: Unknown modifier '/' (K:\apmxe\htdocs\weblib\protected\vendor\htmlextract\htmlextract.class.php:28)
Stack trace:
#0 K:\apmxe\htdocs\weblib\protected\controllers\TestController.php(27): HtmlExtract->getContent()
#1 K:\apmxe\htdocs\yii\framework\web\actions\CInlineAction.php(49): TestController->actionHtmlExtract()
#2 K:\apmxe\htdocs\yii\framework\web\CController.php(308): CInlineAction->runWithParams()
#3 K:\apmxe\htdocs\yii\framework\web\CController.php(286): TestController->runAction()
#4 K:\apmxe\htdocs\yii\framework\web\CController.php(265): TestController->runActionWithFilters()
#5 K:\apmxe\htdocs\yii\framework\web\CWebApplication.php(282): TestController->run()
#6 K:\apmxe\htdocs\yii\framework\web\CWebApplication.php(141): CWebApplication->runController()
#7 K:\apmxe\htdocs\yii\framework\base\CApplication.php(180): CWebApplication->processRequest()
#8 K:\apmxe\htdocs\weblib\index.php(13): CWebApplication->run()
REQUEST_URI=/weblib/index.php?r=test/htmlextract
in K:\apmxe\htdocs\weblib\protected\vendor\htmlextract\htmlextract.class.php (28)
in K:\apmxe\htdocs\weblib\protected\vendor\htmlextract\htmlextract.class.php (49)
in K:\apmxe\htdocs\weblib\protected\controllers\TestController.php (27)
2014/05/18 15:57:25 [error] [php] preg_match() [<a href='function.preg-match'>function.preg-match</a>]: Unknown modifier '/' (K:\apmxe\htdocs\weblib\protected\vendor\htmlextract\htmlextract.class.php:28)
Stack trace:
#0 K:\apmxe\htdocs\weblib\protected\controllers\TestController.php(27): HtmlExtract->getContent()
#1 K:\apmxe\htdocs\yii\framework\web\actions\CInlineAction.php(49): TestController->actionHtmlExtract()
#2 K:\apmxe\htdocs\yii\framework\web\CController.php(308): CInlineAction->runWithParams()
#3 K:\apmxe\htdocs\yii\framework\web\CController.php(286): TestController->runAction()
#4 K:\apmxe\htdocs\yii\framework\web\CController.php(265): TestController->runActionWithFilters()
#5 K:\apmxe\htdocs\yii\framework\web\CWebApplication.php(282): TestController->run()
#6 K:\apmxe\htdocs\yii\framework\web\CWebApplication.php(141): CWebApplication->runController()
#7 K:\apmxe\htdocs\yii\framework\base\CApplication.php(180): CWebApplication->processRequest()
#8 K:\apmxe\htdocs\weblib\index.php(13): CWebApplication->run()
REQUEST_URI=/weblib/index.php?r=test/htmlextract
in K:\apmxe\htdocs\weblib\protected\vendor\htmlextract\htmlextract.class.php (28)
in K:\apmxe\htdocs\weblib\protected\vendor\htmlextract\htmlextract.class.php (49)
in K:\apmxe\htdocs\weblib\protected\controllers\TestController.php (27)
2014/05/18 15:57:36 [error] [php] preg_match() [<a href='function.preg-match'>function.preg-match</a>]: Unknown modifier '/' (K:\apmxe\htdocs\weblib\protected\vendor\htmlextract\htmlextract.class.php:28)
Stack trace:
#0 K:\apmxe\htdocs\weblib\protected\controllers\TestController.php(27): HtmlExtract->getContent()
#1 K:\apmxe\htdocs\yii\framework\web\actions\CInlineAction.php(49): TestController->actionHtmlExtract()
#2 K:\apmxe\htdocs\yii\framework\web\CController.php(308): CInlineAction->runWithParams()
#3 K:\apmxe\htdocs\yii\framework\web\CController.php(286): TestController->runAction()
#4 K:\apmxe\htdocs\yii\framework\web\CController.php(265): TestController->runActionWithFilters()
#5 K:\apmxe\htdocs\yii\framework\web\CWebApplication.php(282): TestController->run()
#6 K:\apmxe\htdocs\yii\framework\web\CWebApplication.php(141): CWebApplication->runController()
#7 K:\apmxe\htdocs\yii\framework\base\CApplication.php(180): CWebApplication->processRequest()
#8 K:\apmxe\htdocs\weblib\index.php(13): CWebApplication->run()
REQUEST_URI=/weblib/index.php?r=test/htmlextract
in K:\apmxe\htdocs\weblib\protected\vendor\htmlextract\htmlextract.class.php (28)
in K:\apmxe\htdocs\weblib\protected\vendor\htmlextract\htmlextract.class.php (49)
in K:\apmxe\htdocs\weblib\protected\controllers\TestController.php (27)
2014/05/18 15:58:05 [error] [php] preg_match() [<a href='function.preg-match'>function.preg-match</a>]: Unknown modifier '/' (K:\apmxe\htdocs\weblib\protected\vendor\htmlextract\htmlextract.class.php:28)
Stack trace:
#0 K:\apmxe\htdocs\weblib\protected\controllers\TestController.php(27): HtmlExtract->getContent()
#1 K:\apmxe\htdocs\yii\framework\web\actions\CInlineAction.php(49): TestController->actionHtmlExtract()
#2 K:\apmxe\htdocs\yii\framework\web\CController.php(308): CInlineAction->runWithParams()
#3 K:\apmxe\htdocs\yii\framework\web\CController.php(286): TestController->runAction()
#4 K:\apmxe\htdocs\yii\framework\web\CController.php(265): TestController->runActionWithFilters()
#5 K:\apmxe\htdocs\yii\framework\web\CWebApplication.php(282): TestController->run()
#6 K:\apmxe\htdocs\yii\framework\web\CWebApplication.php(141): CWebApplication->runController()
#7 K:\apmxe\htdocs\yii\framework\base\CApplication.php(180): CWebApplication->processRequest()
#8 K:\apmxe\htdocs\weblib\index.php(13): CWebApplication->run()
REQUEST_URI=/weblib/index.php?r=test/htmlextract
in K:\apmxe\htdocs\weblib\protected\vendor\htmlextract\htmlextract.class.php (28)
in K:\apmxe\htdocs\weblib\protected\vendor\htmlextract\htmlextract.class.php (49)
in K:\apmxe\htdocs\weblib\protected\controllers\TestController.php (27)
2014/05/18 15:58:18 [error] [php] preg_match_all() [<a href='function.preg-match-all'>function.preg-match-all</a>]: Unknown modifier '7' (K:\apmxe\htdocs\weblib\protected\vendor\htmlextract\htmlextract.class.php:74)
Stack trace:
#0 K:\apmxe\htdocs\weblib\protected\controllers\TestController.php(27): HtmlExtract->getContent()
#1 K:\apmxe\htdocs\yii\framework\web\actions\CInlineAction.php(49): TestController->actionHtmlExtract()
#2 K:\apmxe\htdocs\yii\framework\web\CController.php(308): CInlineAction->runWithParams()
#3 K:\apmxe\htdocs\yii\framework\web\CController.php(286): TestController->runAction()
#4 K:\apmxe\htdocs\yii\framework\web\CController.php(265): TestController->runActionWithFilters()
#5 K:\apmxe\htdocs\yii\framework\web\CWebApplication.php(282): TestController->run()
#6 K:\apmxe\htdocs\yii\framework\web\CWebApplication.php(141): CWebApplication->runController()
#7 K:\apmxe\htdocs\yii\framework\base\CApplication.php(180): CWebApplication->processRequest()
#8 K:\apmxe\htdocs\weblib\index.php(13): CWebApplication->run()
REQUEST_URI=/weblib/index.php?r=test/htmlextract
in K:\apmxe\htdocs\weblib\protected\vendor\htmlextract\htmlextract.class.php (74)
in K:\apmxe\htdocs\weblib\protected\vendor\htmlextract\htmlextract.class.php (55)
in K:\apmxe\htdocs\weblib\protected\controllers\TestController.php (27)
2014/05/18 15:59:43 [error] [php] preg_replace() [<a href='function.preg-replace'>function.preg-replace</a>]: Compilation failed: unknown property name after \P or \p at offset 82 (K:\apmxe\htdocs\weblib\protected\vendor\htmlextract\htmlextract.class.php:92)
Stack trace:
#0 K:\apmxe\htdocs\weblib\protected\controllers\TestController.php(27): HtmlExtract->getContent()
#1 K:\apmxe\htdocs\yii\framework\web\actions\CInlineAction.php(49): TestController->actionHtmlExtract()
#2 K:\apmxe\htdocs\yii\framework\web\CController.php(308): CInlineAction->runWithParams()
#3 K:\apmxe\htdocs\yii\framework\web\CController.php(286): TestController->runAction()
#4 K:\apmxe\htdocs\yii\framework\web\CController.php(265): TestController->runActionWithFilters()
#5 K:\apmxe\htdocs\yii\framework\web\CWebApplication.php(282): TestController->run()
#6 K:\apmxe\htdocs\yii\framework\web\CWebApplication.php(141): CWebApplication->runController()
#7 K:\apmxe\htdocs\yii\framework\base\CApplication.php(180): CWebApplication->processRequest()
#8 K:\apmxe\htdocs\weblib\index.php(13): CWebApplication->run()
REQUEST_URI=/weblib/index.php?r=test/htmlextract
in K:\apmxe\htdocs\weblib\protected\vendor\htmlextract\htmlextract.class.php (92)
in K:\apmxe\htdocs\weblib\protected\vendor\htmlextract\htmlextract.class.php (61)
in K:\apmxe\htdocs\weblib\protected\controllers\TestController.php (27)
2014/05/18 16:14:07 [error] [php] Undefined variable: url (K:\apmxe\htdocs\weblib\protected\controllers\TestController.php:17)
Stack trace:
#0 K:\apmxe\htdocs\yii\framework\web\CController.php(286): TestController->runAction()
#1 K:\apmxe\htdocs\yii\framework\web\CController.php(265): TestController->runActionWithFilters()
#2 K:\apmxe\htdocs\yii\framework\web\CWebApplication.php(282): TestController->run()
#3 K:\apmxe\htdocs\yii\framework\web\CWebApplication.php(141): CWebApplication->runController()
#4 K:\apmxe\htdocs\yii\framework\base\CApplication.php(180): CWebApplication->processRequest()
#5 K:\apmxe\htdocs\weblib\index.php(13): CWebApplication->run()
REQUEST_URI=/weblib/index.php?r=test/HTMLExtractor
in K:\apmxe\htdocs\weblib\protected\controllers\TestController.php (17)
in K:\apmxe\htdocs\weblib\index.php (13)
2014/05/18 16:14:32 [error] [php] Undefined property: htmlTag::$echoset (K:\apmxe\htdocs\weblib\protected\vendor\htmlextractor\htmlextractor.php:97)
Stack trace:
#0 K:\apmxe\htdocs\weblib\protected\vendor\htmlextractor\htmlextractor.php(122): getMainContent()
#1 K:\apmxe\htdocs\weblib\protected\vendor\htmlextractor\htmlextractor.php(122): getMainContent()
#2 K:\apmxe\htdocs\weblib\protected\vendor\htmlextractor\htmlextractor.php(122): getMainContent()
#3 K:\apmxe\htdocs\weblib\protected\vendor\htmlextractor\htmlextractor.php(122): getMainContent()
#4 K:\apmxe\htdocs\weblib\protected\vendor\htmlextractor\htmlextractor.php(122): getMainContent()
#5 K:\apmxe\htdocs\weblib\protected\vendor\htmlextractor\htmlextractor.php(122): getMainContent()
#6 K:\apmxe\htdocs\weblib\protected\vendor\htmlextractor\htmlextractor.php(122): getMainContent()
#7 K:\apmxe\htdocs\weblib\protected\vendor\htmlextractor\htmlextractor.php(122): getMainContent()
#8 K:\apmxe\htdocs\weblib\protected\vendor\htmlextractor\htmlextractor.php(122): getMainContent()
#9 K:\apmxe\htdocs\weblib\protected\vendor\htmlextractor\htmlextractor.php(122): getMainContent()
#10 K:\apmxe\htdocs\weblib\protected\vendor\htmlextractor\htmlextractor.php(84): getMainContent()
#11 K:\apmxe\htdocs\weblib\protected\vendor\htmlextractor\htmlextractor.php(93): getDataMainContent()
#12 K:\apmxe\htdocs\weblib\protected\controllers\TestController.php(18): getUrlMainContent()
#13 K:\apmxe\htdocs\yii\framework\web\actions\CInlineAction.php(49): TestController->actionHTMLExtractor()
#14 K:\apmxe\htdocs\yii\framework\web\CController.php(308): CInlineAction->runWithParams()
#15 K:\apmxe\htdocs\yii\framework\web\CController.php(286): TestController->runAction()
#16 K:\apmxe\htdocs\yii\framework\web\CController.php(265): TestController->runActionWithFilters()
#17 K:\apmxe\htdocs\yii\framework\web\CWebApplication.php(282): TestController->run()
#18 K:\apmxe\htdocs\yii\framework\web\CWebApplication.php(141): CWebApplication->runController()
#19 K:\apmxe\htdocs\yii\framework\base\CApplication.php(180): CWebApplication->processRequest()
#20 K:\apmxe\htdocs\weblib\index.php(13): CWebApplication->run()
REQUEST_URI=/weblib/index.php?r=test/HTMLExtractor
in K:\apmxe\htdocs\weblib\protected\vendor\htmlextractor\htmlextractor.php (97)
in K:\apmxe\htdocs\weblib\protected\vendor\htmlextractor\htmlextractor.php (118)
in K:\apmxe\htdocs\weblib\protected\vendor\htmlextractor\htmlextractor.php (122)
2014/05/18 16:16:11 [error] [php] Undefined variable: result (K:\apmxe\htdocs\weblib\protected\vendor\htmlextractor\htmlextractor.php:104)
Stack trace:
#0 K:\apmxe\htdocs\weblib\protected\vendor\htmlextractor\htmlextractor.php(122): getMainContent()
#1 K:\apmxe\htdocs\weblib\protected\vendor\htmlextractor\htmlextractor.php(122): getMainContent()
#2 K:\apmxe\htdocs\weblib\protected\vendor\htmlextractor\htmlextractor.php(122): getMainContent()
#3 K:\apmxe\htdocs\weblib\protected\vendor\htmlextractor\htmlextractor.php(122): getMainContent()
#4 K:\apmxe\htdocs\weblib\protected\vendor\htmlextractor\htmlextractor.php(122): getMainContent()
#5 K:\apmxe\htdocs\weblib\protected\vendor\htmlextractor\htmlextractor.php(122): getMainContent()
#6 K:\apmxe\htdocs\weblib\protected\vendor\htmlextractor\htmlextractor.php(122): getMainContent()
#7 K:\apmxe\htdocs\weblib\protected\vendor\htmlextractor\htmlextractor.php(122): getMainContent()
#8 K:\apmxe\htdocs\weblib\protected\vendor\htmlextractor\htmlextractor.php(122): getMainContent()
#9 K:\apmxe\htdocs\weblib\protected\vendor\htmlextractor\htmlextractor.php(122): getMainContent()
#10 K:\apmxe\htdocs\weblib\protected\vendor\htmlextractor\htmlextractor.php(84): getMainContent()
#11 K:\apmxe\htdocs\weblib\protected\vendor\htmlextractor\htmlextractor.php(93): getDataMainContent()
#12 K:\apmxe\htdocs\weblib\protected\controllers\TestController.php(18): getUrlMainContent()
#13 K:\apmxe\htdocs\yii\framework\web\actions\CInlineAction.php(49): TestController->actionHTMLExtractor()
#14 K:\apmxe\htdocs\yii\framework\web\CController.php(308): CInlineAction->runWithParams()
#15 K:\apmxe\htdocs\yii\framework\web\CController.php(286): TestController->runAction()
#16 K:\apmxe\htdocs\yii\framework\web\CController.php(265): TestController->runActionWithFilters()
#17 K:\apmxe\htdocs\yii\framework\web\CWebApplication.php(282): TestController->run()
#18 K:\apmxe\htdocs\yii\framework\web\CWebApplication.php(141): CWebApplication->runController()
#19 K:\apmxe\htdocs\yii\framework\base\CApplication.php(180): CWebApplication->processRequest()
#20 K:\apmxe\htdocs\weblib\index.php(13): CWebApplication->run()
REQUEST_URI=/weblib/index.php?r=test/HTMLExtractor
in K:\apmxe\htdocs\weblib\protected\vendor\htmlextractor\htmlextractor.php (104)
in K:\apmxe\htdocs\weblib\protected\vendor\htmlextractor\htmlextractor.php (118)
in K:\apmxe\htdocs\weblib\protected\vendor\htmlextractor\htmlextractor.php (122)
2014/05/18 17:17:29 [warning] [application] Failed to set unsafe attribute "tags" of "Doc".
in K:\apmxe\htdocs\weblib\protected\controllers\admin\DocController.php (39)
in K:\apmxe\htdocs\weblib\index.php (13)
2014/05/18 17:18:13 [error] [exception.CHttpException.404] exception 'CHttpException' with message 'The system is unable to find the requested action "asdd".' in K:\apmxe\htdocs\yii\framework\web\CController.php:483
Stack trace:
#0 K:\apmxe\htdocs\yii\framework\web\CController.php(270): CController->missingAction('asdd')
#1 K:\apmxe\htdocs\yii\framework\web\CWebApplication.php(282): CController->run('asdd')
#2 K:\apmxe\htdocs\yii\framework\web\CWebApplication.php(141): CWebApplication->runController('admin/doc/asdd')
#3 K:\apmxe\htdocs\yii\framework\base\CApplication.php(180): CWebApplication->processRequest()
#4 K:\apmxe\htdocs\weblib\index.php(13): CApplication->run()
#5 {main}
REQUEST_URI=/weblib/index.php?r=admin/doc/asdd
---
2014/05/18 17:18:46 [warning] [application] Failed to set unsafe attribute "tags" of "Doc".
in K:\apmxe\htdocs\weblib\protected\controllers\admin\DocController.php (39)
in K:\apmxe\htdocs\weblib\index.php (13)
2014/05/18 17:27:45 [error] [php] Undefined index:  id (K:\apmxe\htdocs\weblib\protected\controllers\DocController.php:12)
Stack trace:
#0 K:\apmxe\htdocs\yii\framework\web\CController.php(286): DocController->runAction()
#1 K:\apmxe\htdocs\yii\framework\web\CController.php(265): DocController->runActionWithFilters()
#2 K:\apmxe\htdocs\yii\framework\web\CWebApplication.php(282): DocController->run()
#3 K:\apmxe\htdocs\yii\framework\web\CWebApplication.php(141): CWebApplication->runController()
#4 K:\apmxe\htdocs\yii\framework\base\CApplication.php(180): CWebApplication->processRequest()
#5 K:\apmxe\htdocs\weblib\index.php(13): CWebApplication->run()
REQUEST_URI=/weblib/index.php?r=doc/view
in K:\apmxe\htdocs\weblib\protected\controllers\DocController.php (12)
in K:\apmxe\htdocs\weblib\index.php (13)
2014/05/18 17:27:52 [error] [php] Undefined variable: content (K:\apmxe\htdocs\weblib\protected\views\doc\view.php:4)
Stack trace:
#0 K:\apmxe\htdocs\yii\framework\web\CController.php(869): DocController->renderFile()
#1 K:\apmxe\htdocs\yii\framework\web\CController.php(782): DocController->renderPartial()
#2 K:\apmxe\htdocs\weblib\protected\controllers\DocController.php(13): DocController->render()
#3 K:\apmxe\htdocs\yii\framework\web\actions\CInlineAction.php(49): DocController->actionView()
#4 K:\apmxe\htdocs\yii\framework\web\CController.php(308): CInlineAction->runWithParams()
#5 K:\apmxe\htdocs\yii\framework\web\CController.php(286): DocController->runAction()
#6 K:\apmxe\htdocs\yii\framework\web\CController.php(265): DocController->runActionWithFilters()
#7 K:\apmxe\htdocs\yii\framework\web\CWebApplication.php(282): DocController->run()
#8 K:\apmxe\htdocs\yii\framework\web\CWebApplication.php(141): CWebApplication->runController()
#9 K:\apmxe\htdocs\yii\framework\base\CApplication.php(180): CWebApplication->processRequest()
#10 K:\apmxe\htdocs\weblib\index.php(13): CWebApplication->run()
REQUEST_URI=/weblib/index.php?r=doc/view&id=4
in K:\apmxe\htdocs\weblib\protected\views\doc\view.php (4)
in K:\apmxe\htdocs\weblib\protected\controllers\DocController.php (13)
in K:\apmxe\htdocs\weblib\index.php (13)
2014/05/18 17:29:00 [error] [php] Undefined variable: data (K:\apmxe\htdocs\weblib\protected\views\doc\view.php:3)
Stack trace:
#0 K:\apmxe\htdocs\yii\framework\web\CController.php(869): DocController->renderFile()
#1 K:\apmxe\htdocs\yii\framework\web\CController.php(782): DocController->renderPartial()
#2 K:\apmxe\htdocs\weblib\protected\controllers\DocController.php(13): DocController->render()
#3 K:\apmxe\htdocs\yii\framework\web\actions\CInlineAction.php(49): DocController->actionView()
#4 K:\apmxe\htdocs\yii\framework\web\CController.php(308): CInlineAction->runWithParams()
#5 K:\apmxe\htdocs\yii\framework\web\CController.php(286): DocController->runAction()
#6 K:\apmxe\htdocs\yii\framework\web\CController.php(265): DocController->runActionWithFilters()
#7 K:\apmxe\htdocs\yii\framework\web\CWebApplication.php(282): DocController->run()
#8 K:\apmxe\htdocs\yii\framework\web\CWebApplication.php(141): CWebApplication->runController()
#9 K:\apmxe\htdocs\yii\framework\base\CApplication.php(180): CWebApplication->processRequest()
#10 K:\apmxe\htdocs\weblib\index.php(13): CWebApplication->run()
REQUEST_URI=/weblib/index.php?r=doc/view&id=4
in K:\apmxe\htdocs\weblib\protected\views\doc\view.php (3)
in K:\apmxe\htdocs\weblib\protected\controllers\DocController.php (13)
in K:\apmxe\htdocs\weblib\index.php (13)
2014/05/18 20:02:42 [error] [exception.CHttpException.404] exception 'CHttpException' with message 'Unable to resolve the request "admin/test".' in K:\apmxe\htdocs\yii\framework\web\CWebApplication.php:286
Stack trace:
#0 K:\apmxe\htdocs\yii\framework\web\CWebApplication.php(141): CWebApplication->runController('admin/test')
#1 K:\apmxe\htdocs\yii\framework\base\CApplication.php(180): CWebApplication->processRequest()
#2 K:\apmxe\htdocs\weblib\index.php(13): CApplication->run()
#3 {main}
REQUEST_URI=/weblib/index.php?r=admin/test
---
2014/05/18 20:04:45 [error] [exception.CException] exception 'CException' with message 'CWebUser and its behaviors do not have a method or closure named "hetFlash".' in K:\apmxe\htdocs\yii\framework\base\CComponent.php:266
Stack trace:
#0 [internal function]: CComponent->__call('hetFlash', Array)
#1 K:\apmxe\htdocs\weblib\protected\views\layouts\admin.php(117): CWebUser->hetFlash('message')
#2 K:\apmxe\htdocs\yii\framework\web\CBaseController.php(126): require('K:\apmxe\htdocs...')
#3 K:\apmxe\htdocs\yii\framework\web\CBaseController.php(95): CBaseController->renderInternal('K:\apmxe\htdocs...', Array, true)
#4 K:\apmxe\htdocs\yii\framework\web\CController.php(784): CBaseController->renderFile('K:\apmxe\htdocs...', Array, true)
#5 K:\apmxe\htdocs\weblib\protected\controllers\admin\DocController.php(49): CController->render('index')
#6 K:\apmxe\htdocs\yii\framework\web\actions\CInlineAction.php(49): DocController->actionIndex()
#7 K:\apmxe\htdocs\yii\framework\web\CController.php(308): CInlineAction->runWithParams(Array)
#8 K:\apmxe\htdocs\yii\framework\web\CController.php(286): CController->runAction(Object(CInlineAction))
#9 K:\apmxe\htdocs\yii\framework\web\CController.php(265): CController->runActionWithFilters(Object(CInlineAction), Array)
#10 K:\apmxe\htdocs\yii\framework\web\CWebApplication.php(282): CController->run('index')
#11 K:\apmxe\htdocs\yii\framework\web\CWebApplication.php(141): CWebApplication->runController('admin/doc/index')
#12 K:\apmxe\htdocs\yii\framework\base\CApplication.php(180): CWebApplication->processRequest()
#13 K:\apmxe\htdocs\weblib\index.php(13): CApplication->run()
#14 {main}
REQUEST_URI=/weblib/index.php?r=admin/doc/index
---
2014/05/18 22:32:10 [error] [php] require() [<a href='function.require'>function.require</a>]: Filename cannot be empty (K:\apmxe\htdocs\yii\framework\web\CBaseController.php:130)
Stack trace:
#0 K:\apmxe\htdocs\yii\framework\zii\widgets\CListView.php(291): DocController->renderFile()
#1 K:\apmxe\htdocs\yii\framework\zii\widgets\CBaseListView.php(167): CListView->renderItems()
#2 unknown(0): CListView->renderSection()
#3 K:\apmxe\htdocs\yii\framework\zii\widgets\CBaseListView.php(150): preg_replace_callback()
#4 K:\apmxe\htdocs\yii\framework\zii\widgets\CBaseListView.php(135): CListView->renderContent()
#5 K:\apmxe\htdocs\yii\framework\web\CBaseController.php(173): CListView->run()
#6 K:\apmxe\htdocs\weblib\protected\views\doc\index.php(5): DocController->widget()
#7 K:\apmxe\htdocs\yii\framework\web\CBaseController.php(126): require()
#8 K:\apmxe\htdocs\yii\framework\web\CBaseController.php(95): DocController->renderInternal()
#9 K:\apmxe\htdocs\yii\framework\web\CController.php(869): DocController->renderFile()
#10 K:\apmxe\htdocs\yii\framework\web\CController.php(782): DocController->renderPartial()
#11 K:\apmxe\htdocs\weblib\protected\controllers\DocController.php(18): DocController->render()
#12 K:\apmxe\htdocs\yii\framework\web\actions\CInlineAction.php(49): DocController->actionIndex()
#13 K:\apmxe\htdocs\yii\framework\web\CController.php(308): CInlineAction->runWithParams()
#14 K:\apmxe\htdocs\yii\framework\web\CController.php(286): DocController->runAction()
#15 K:\apmxe\htdocs\yii\framework\web\CController.php(265): DocController->runActionWithFilters()
#16 K:\apmxe\htdocs\yii\framework\web\CWebApplication.php(282): DocController->run()
#17 K:\apmxe\htdocs\yii\framework\web\CWebApplication.php(141): CWebApplication->runController()
#18 K:\apmxe\htdocs\yii\framework\base\CApplication.php(180): CWebApplication->processRequest()
#19 K:\apmxe\htdocs\weblib\index.php(13): CWebApplication->run()
REQUEST_URI=/weblib/index.php?r=doc/index
in K:\apmxe\htdocs\weblib\protected\views\doc\index.php (5)
in K:\apmxe\htdocs\weblib\protected\controllers\DocController.php (18)
in K:\apmxe\htdocs\weblib\index.php (13)
2014/05/18 22:33:06 [error] [exception.CException] exception 'CException' with message 'The property "itemView" cannot be empty.' in K:\apmxe\htdocs\yii\framework\zii\widgets\CListView.php:210
Stack trace:
#0 K:\apmxe\htdocs\yii\framework\web\CBaseController.php(147): CListView->init()
#1 K:\apmxe\htdocs\yii\framework\web\CBaseController.php(172): CBaseController->createWidget('zii.widgets.CLi...', Array)
#2 K:\apmxe\htdocs\weblib\protected\views\doc\index.php(3): CBaseController->widget('zii.widgets.CLi...', Array)
#3 K:\apmxe\htdocs\yii\framework\web\CBaseController.php(126): require('K:\apmxe\htdocs...')
#4 K:\apmxe\htdocs\yii\framework\web\CBaseController.php(95): CBaseController->renderInternal('K:\apmxe\htdocs...', Array, true)
#5 K:\apmxe\htdocs\yii\framework\web\CController.php(869): CBaseController->renderFile('K:\apmxe\htdocs...', Array, true)
#6 K:\apmxe\htdocs\yii\framework\web\CController.php(782): CController->renderPartial('index', Array, true)
#7 K:\apmxe\htdocs\weblib\protected\controllers\DocController.php(18): CController->render('index', Array)
#8 K:\apmxe\htdocs\yii\framework\web\actions\CInlineAction.php(49): DocController->actionIndex()
#9 K:\apmxe\htdocs\yii\framework\web\CController.php(308): CInlineAction->runWithParams(Array)
#10 K:\apmxe\htdocs\yii\framework\web\CController.php(286): CController->runAction(Object(CInlineAction))
#11 K:\apmxe\htdocs\yii\framework\web\CController.php(265): CController->runActionWithFilters(Object(CInlineAction), Array)
#12 K:\apmxe\htdocs\yii\framework\web\CWebApplication.php(282): CController->run('index')
#13 K:\apmxe\htdocs\yii\framework\web\CWebApplication.php(141): CWebApplication->runController('doc/index')
#14 K:\apmxe\htdocs\yii\framework\base\CApplication.php(180): CWebApplication->processRequest()
#15 K:\apmxe\htdocs\weblib\index.php(13): CApplication->run()
#16 {main}
REQUEST_URI=/weblib/index.php?r=doc/index
---
2014/05/18 22:33:24 [error] [php] require() [<a href='function.require'>function.require</a>]: Filename cannot be empty (K:\apmxe\htdocs\yii\framework\web\CBaseController.php:130)
Stack trace:
#0 K:\apmxe\htdocs\yii\framework\zii\widgets\CListView.php(291): DocController->renderFile()
#1 K:\apmxe\htdocs\yii\framework\zii\widgets\CBaseListView.php(167): CListView->renderItems()
#2 unknown(0): CListView->renderSection()
#3 K:\apmxe\htdocs\yii\framework\zii\widgets\CBaseListView.php(150): preg_replace_callback()
#4 K:\apmxe\htdocs\yii\framework\zii\widgets\CBaseListView.php(135): CListView->renderContent()
#5 K:\apmxe\htdocs\yii\framework\web\CBaseController.php(173): CListView->run()
#6 K:\apmxe\htdocs\weblib\protected\views\doc\index.php(4): DocController->widget()
#7 K:\apmxe\htdocs\yii\framework\web\CBaseController.php(126): require()
#8 K:\apmxe\htdocs\yii\framework\web\CBaseController.php(95): DocController->renderInternal()
#9 K:\apmxe\htdocs\yii\framework\web\CController.php(869): DocController->renderFile()
#10 K:\apmxe\htdocs\yii\framework\web\CController.php(782): DocController->renderPartial()
#11 K:\apmxe\htdocs\weblib\protected\controllers\DocController.php(18): DocController->render()
#12 K:\apmxe\htdocs\yii\framework\web\actions\CInlineAction.php(49): DocController->actionIndex()
#13 K:\apmxe\htdocs\yii\framework\web\CController.php(308): CInlineAction->runWithParams()
#14 K:\apmxe\htdocs\yii\framework\web\CController.php(286): DocController->runAction()
#15 K:\apmxe\htdocs\yii\framework\web\CController.php(265): DocController->runActionWithFilters()
#16 K:\apmxe\htdocs\yii\framework\web\CWebApplication.php(282): DocController->run()
#17 K:\apmxe\htdocs\yii\framework\web\CWebApplication.php(141): CWebApplication->runController()
#18 K:\apmxe\htdocs\yii\framework\base\CApplication.php(180): CWebApplication->processRequest()
#19 K:\apmxe\htdocs\weblib\index.php(13): CWebApplication->run()
REQUEST_URI=/weblib/index.php?r=doc/index
in K:\apmxe\htdocs\weblib\protected\views\doc\index.php (4)
in K:\apmxe\htdocs\weblib\protected\controllers\DocController.php (18)
in K:\apmxe\htdocs\weblib\index.php (13)
2014/05/18 22:34:28 [error] [php] require() [<a href='function.require'>function.require</a>]: Filename cannot be empty (K:\apmxe\htdocs\yii\framework\web\CBaseController.php:130)
Stack trace:
#0 K:\apmxe\htdocs\yii\framework\zii\widgets\CListView.php(291): DocController->renderFile()
#1 K:\apmxe\htdocs\yii\framework\zii\widgets\CBaseListView.php(167): CListView->renderItems()
#2 unknown(0): CListView->renderSection()
#3 K:\apmxe\htdocs\yii\framework\zii\widgets\CBaseListView.php(150): preg_replace_callback()
#4 K:\apmxe\htdocs\yii\framework\zii\widgets\CBaseListView.php(135): CListView->renderContent()
#5 K:\apmxe\htdocs\yii\framework\web\CBaseController.php(173): CListView->run()
#6 K:\apmxe\htdocs\weblib\protected\views\doc\index.php(12): DocController->widget()
#7 K:\apmxe\htdocs\yii\framework\web\CBaseController.php(126): require()
#8 K:\apmxe\htdocs\yii\framework\web\CBaseController.php(95): DocController->renderInternal()
#9 K:\apmxe\htdocs\yii\framework\web\CController.php(869): DocController->renderFile()
#10 K:\apmxe\htdocs\yii\framework\web\CController.php(782): DocController->renderPartial()
#11 K:\apmxe\htdocs\weblib\protected\controllers\DocController.php(18): DocController->render()
#12 K:\apmxe\htdocs\yii\framework\web\actions\CInlineAction.php(49): DocController->actionIndex()
#13 K:\apmxe\htdocs\yii\framework\web\CController.php(308): CInlineAction->runWithParams()
#14 K:\apmxe\htdocs\yii\framework\web\CController.php(286): DocController->runAction()
#15 K:\apmxe\htdocs\yii\framework\web\CController.php(265): DocController->runActionWithFilters()
#16 K:\apmxe\htdocs\yii\framework\web\CWebApplication.php(282): DocController->run()
#17 K:\apmxe\htdocs\yii\framework\web\CWebApplication.php(141): CWebApplication->runController()
#18 K:\apmxe\htdocs\yii\framework\base\CApplication.php(180): CWebApplication->processRequest()
#19 K:\apmxe\htdocs\weblib\index.php(13): CWebApplication->run()
REQUEST_URI=/weblib/index.php?r=doc/index
in K:\apmxe\htdocs\weblib\protected\views\doc\index.php (12)
in K:\apmxe\htdocs\weblib\protected\controllers\DocController.php (18)
in K:\apmxe\htdocs\weblib\index.php (13)
2014/05/18 22:36:59 [error] [php] require() [<a href='function.require'>function.require</a>]: Filename cannot be empty (K:\apmxe\htdocs\yii\framework\web\CBaseController.php:130)
Stack trace:
#0 K:\apmxe\htdocs\yii\framework\zii\widgets\CListView.php(291): DocController->renderFile()
#1 K:\apmxe\htdocs\yii\framework\zii\widgets\CBaseListView.php(167): CListView->renderItems()
#2 unknown(0): CListView->renderSection()
#3 K:\apmxe\htdocs\yii\framework\zii\widgets\CBaseListView.php(150): preg_replace_callback()
#4 K:\apmxe\htdocs\yii\framework\zii\widgets\CBaseListView.php(135): CListView->renderContent()
#5 K:\apmxe\htdocs\yii\framework\web\CBaseController.php(173): CListView->run()
#6 K:\apmxe\htdocs\weblib\protected\views\doc\index.php(12): DocController->widget()
#7 K:\apmxe\htdocs\yii\framework\web\CBaseController.php(126): require()
#8 K:\apmxe\htdocs\yii\framework\web\CBaseController.php(95): DocController->renderInternal()
#9 K:\apmxe\htdocs\yii\framework\web\CController.php(869): DocController->renderFile()
#10 K:\apmxe\htdocs\yii\framework\web\CController.php(782): DocController->renderPartial()
#11 K:\apmxe\htdocs\weblib\protected\controllers\DocController.php(19): DocController->render()
#12 K:\apmxe\htdocs\yii\framework\web\actions\CInlineAction.php(49): DocController->actionIndex()
#13 K:\apmxe\htdocs\yii\framework\web\CController.php(308): CInlineAction->runWithParams()
#14 K:\apmxe\htdocs\yii\framework\web\CController.php(286): DocController->runAction()
#15 K:\apmxe\htdocs\yii\framework\web\CController.php(265): DocController->runActionWithFilters()
#16 K:\apmxe\htdocs\yii\framework\web\CWebApplication.php(282): DocController->run()
#17 K:\apmxe\htdocs\yii\framework\web\CWebApplication.php(141): CWebApplication->runController()
#18 K:\apmxe\htdocs\yii\framework\base\CApplication.php(180): CWebApplication->processRequest()
#19 K:\apmxe\htdocs\weblib\index.php(13): CWebApplication->run()
REQUEST_URI=/weblib/index.php?r=doc/index
in K:\apmxe\htdocs\weblib\protected\views\doc\index.php (12)
in K:\apmxe\htdocs\weblib\protected\controllers\DocController.php (19)
in K:\apmxe\htdocs\weblib\index.php (13)
2014/05/18 22:46:03 [error] [php] require() [<a href='function.require'>function.require</a>]: Filename cannot be empty (K:\apmxe\htdocs\yii\framework\web\CBaseController.php:130)
Stack trace:
#0 K:\apmxe\htdocs\yii\framework\zii\widgets\CListView.php(291): DocController->renderFile()
#1 K:\apmxe\htdocs\yii\framework\zii\widgets\CBaseListView.php(167): CListView->renderItems()
#2 unknown(0): CListView->renderSection()
#3 K:\apmxe\htdocs\yii\framework\zii\widgets\CBaseListView.php(150): preg_replace_callback()
#4 K:\apmxe\htdocs\yii\framework\zii\widgets\CBaseListView.php(135): CListView->renderContent()
#5 K:\apmxe\htdocs\yii\framework\web\CBaseController.php(173): CListView->run()
#6 K:\apmxe\htdocs\weblib\protected\views\doc\index.php(6): DocController->widget()
#7 K:\apmxe\htdocs\yii\framework\web\CBaseController.php(126): require()
#8 K:\apmxe\htdocs\yii\framework\web\CBaseController.php(95): DocController->renderInternal()
#9 K:\apmxe\htdocs\yii\framework\web\CController.php(869): DocController->renderFile()
#10 K:\apmxe\htdocs\yii\framework\web\CController.php(782): DocController->renderPartial()
#11 K:\apmxe\htdocs\weblib\protected\controllers\DocController.php(19): DocController->render()
#12 K:\apmxe\htdocs\yii\framework\web\actions\CInlineAction.php(49): DocController->actionIndex()
#13 K:\apmxe\htdocs\yii\framework\web\CController.php(308): CInlineAction->runWithParams()
#14 K:\apmxe\htdocs\yii\framework\web\CController.php(286): DocController->runAction()
#15 K:\apmxe\htdocs\yii\framework\web\CController.php(265): DocController->runActionWithFilters()
#16 K:\apmxe\htdocs\yii\framework\web\CWebApplication.php(282): DocController->run()
#17 K:\apmxe\htdocs\yii\framework\web\CWebApplication.php(141): CWebApplication->runController()
#18 K:\apmxe\htdocs\yii\framework\base\CApplication.php(180): CWebApplication->processRequest()
#19 K:\apmxe\htdocs\weblib\index.php(13): CWebApplication->run()
REQUEST_URI=/weblib/index.php?r=doc/index
in K:\apmxe\htdocs\weblib\protected\views\doc\index.php (6)
in K:\apmxe\htdocs\weblib\protected\controllers\DocController.php (19)
in K:\apmxe\htdocs\weblib\index.php (13)
2014/05/18 22:46:31 [error] [php] require() [<a href='function.require'>function.require</a>]: Filename cannot be empty (K:\apmxe\htdocs\yii\framework\web\CBaseController.php:130)
Stack trace:
#0 K:\apmxe\htdocs\yii\framework\zii\widgets\CListView.php(291): DocController->renderFile()
#1 K:\apmxe\htdocs\yii\framework\zii\widgets\CBaseListView.php(167): CListView->renderItems()
#2 unknown(0): CListView->renderSection()
#3 K:\apmxe\htdocs\yii\framework\zii\widgets\CBaseListView.php(150): preg_replace_callback()
#4 K:\apmxe\htdocs\yii\framework\zii\widgets\CBaseListView.php(135): CListView->renderContent()
#5 K:\apmxe\htdocs\yii\framework\web\CBaseController.php(173): CListView->run()
#6 K:\apmxe\htdocs\weblib\protected\views\doc\index.php(6): DocController->widget()
#7 K:\apmxe\htdocs\yii\framework\web\CBaseController.php(126): require()
#8 K:\apmxe\htdocs\yii\framework\web\CBaseController.php(95): DocController->renderInternal()
#9 K:\apmxe\htdocs\yii\framework\web\CController.php(869): DocController->renderFile()
#10 K:\apmxe\htdocs\yii\framework\web\CController.php(782): DocController->renderPartial()
#11 K:\apmxe\htdocs\weblib\protected\controllers\DocController.php(19): DocController->render()
#12 K:\apmxe\htdocs\yii\framework\web\actions\CInlineAction.php(49): DocController->actionIndex()
#13 K:\apmxe\htdocs\yii\framework\web\CController.php(308): CInlineAction->runWithParams()
#14 K:\apmxe\htdocs\yii\framework\web\CController.php(286): DocController->runAction()
#15 K:\apmxe\htdocs\yii\framework\web\CController.php(265): DocController->runActionWithFilters()
#16 K:\apmxe\htdocs\yii\framework\web\CWebApplication.php(282): DocController->run()
#17 K:\apmxe\htdocs\yii\framework\web\CWebApplication.php(141): CWebApplication->runController()
#18 K:\apmxe\htdocs\yii\framework\base\CApplication.php(180): CWebApplication->processRequest()
#19 K:\apmxe\htdocs\weblib\index.php(13): CWebApplication->run()
REQUEST_URI=/weblib/index.php?r=doc/index
in K:\apmxe\htdocs\weblib\protected\views\doc\index.php (6)
in K:\apmxe\htdocs\weblib\protected\controllers\DocController.php (19)
in K:\apmxe\htdocs\weblib\index.php (13)
2014/05/18 23:17:06 [error] [php] require() [<a href='function.require'>function.require</a>]: Filename cannot be empty (K:\apmxe\htdocs\yii\framework\web\CBaseController.php:131)
Stack trace:
#0 K:\apmxe\htdocs\yii\framework\zii\widgets\CListView.php(291): DocController->renderFile()
#1 K:\apmxe\htdocs\yii\framework\zii\widgets\CBaseListView.php(167): CListView->renderItems()
#2 unknown(0): CListView->renderSection()
#3 K:\apmxe\htdocs\yii\framework\zii\widgets\CBaseListView.php(150): preg_replace_callback()
#4 K:\apmxe\htdocs\yii\framework\zii\widgets\CBaseListView.php(135): CListView->renderContent()
#5 K:\apmxe\htdocs\yii\framework\web\CBaseController.php(174): CListView->run()
#6 K:\apmxe\htdocs\weblib\protected\views\doc\index.php(6): DocController->widget()
#7 K:\apmxe\htdocs\yii\framework\web\CBaseController.php(127): require()
#8 K:\apmxe\htdocs\yii\framework\web\CBaseController.php(95): DocController->renderInternal()
#9 K:\apmxe\htdocs\yii\framework\web\CController.php(869): DocController->renderFile()
#10 K:\apmxe\htdocs\yii\framework\web\CController.php(782): DocController->renderPartial()
#11 K:\apmxe\htdocs\weblib\protected\controllers\DocController.php(19): DocController->render()
#12 K:\apmxe\htdocs\yii\framework\web\actions\CInlineAction.php(49): DocController->actionIndex()
#13 K:\apmxe\htdocs\yii\framework\web\CController.php(308): CInlineAction->runWithParams()
#14 K:\apmxe\htdocs\yii\framework\web\CController.php(286): DocController->runAction()
#15 K:\apmxe\htdocs\yii\framework\web\CController.php(265): DocController->runActionWithFilters()
#16 K:\apmxe\htdocs\yii\framework\web\CWebApplication.php(282): DocController->run()
#17 K:\apmxe\htdocs\yii\framework\web\CWebApplication.php(141): CWebApplication->runController()
#18 K:\apmxe\htdocs\yii\framework\base\CApplication.php(180): CWebApplication->processRequest()
#19 K:\apmxe\htdocs\weblib\index.php(13): CWebApplication->run()
REQUEST_URI=/weblib/index.php?r=doc/index
in K:\apmxe\htdocs\weblib\protected\views\doc\index.php (6)
in K:\apmxe\htdocs\weblib\protected\controllers\DocController.php (19)
in K:\apmxe\htdocs\weblib\index.php (13)
2014/05/18 23:17:54 [error] [php] require() [<a href='function.require'>function.require</a>]: Filename cannot be empty (K:\apmxe\htdocs\yii\framework\web\CBaseController.php:130)
Stack trace:
#0 K:\apmxe\htdocs\yii\framework\zii\widgets\CListView.php(291): DocController->renderFile()
#1 K:\apmxe\htdocs\yii\framework\zii\widgets\CBaseListView.php(167): CListView->renderItems()
#2 unknown(0): CListView->renderSection()
#3 K:\apmxe\htdocs\yii\framework\zii\widgets\CBaseListView.php(150): preg_replace_callback()
#4 K:\apmxe\htdocs\yii\framework\zii\widgets\CBaseListView.php(135): CListView->renderContent()
#5 K:\apmxe\htdocs\yii\framework\web\CBaseController.php(173): CListView->run()
#6 K:\apmxe\htdocs\weblib\protected\views\doc\index.php(6): DocController->widget()
#7 K:\apmxe\htdocs\yii\framework\web\CBaseController.php(126): require()
#8 K:\apmxe\htdocs\yii\framework\web\CBaseController.php(95): DocController->renderInternal()
#9 K:\apmxe\htdocs\yii\framework\web\CController.php(869): DocController->renderFile()
#10 K:\apmxe\htdocs\yii\framework\web\CController.php(782): DocController->renderPartial()
#11 K:\apmxe\htdocs\weblib\protected\controllers\DocController.php(19): DocController->render()
#12 K:\apmxe\htdocs\yii\framework\web\actions\CInlineAction.php(49): DocController->actionIndex()
#13 K:\apmxe\htdocs\yii\framework\web\CController.php(308): CInlineAction->runWithParams()
#14 K:\apmxe\htdocs\yii\framework\web\CController.php(286): DocController->runAction()
#15 K:\apmxe\htdocs\yii\framework\web\CController.php(265): DocController->runActionWithFilters()
#16 K:\apmxe\htdocs\yii\framework\web\CWebApplication.php(282): DocController->run()
#17 K:\apmxe\htdocs\yii\framework\web\CWebApplication.php(141): CWebApplication->runController()
#18 K:\apmxe\htdocs\yii\framework\base\CApplication.php(180): CWebApplication->processRequest()
#19 K:\apmxe\htdocs\weblib\index.php(13): CWebApplication->run()
REQUEST_URI=/weblib/index.php?r=doc/index
in K:\apmxe\htdocs\weblib\protected\views\doc\index.php (6)
in K:\apmxe\htdocs\weblib\protected\controllers\DocController.php (19)
in K:\apmxe\htdocs\weblib\index.php (13)
2014/05/18 23:18:06 [error] [php] require() [<a href='function.require'>function.require</a>]: Filename cannot be empty (K:\apmxe\htdocs\yii\framework\web\CBaseController.php:131)
Stack trace:
#0 K:\apmxe\htdocs\yii\framework\zii\widgets\CListView.php(291): DocController->renderFile()
#1 K:\apmxe\htdocs\yii\framework\zii\widgets\CBaseListView.php(167): CListView->renderItems()
#2 unknown(0): CListView->renderSection()
#3 K:\apmxe\htdocs\yii\framework\zii\widgets\CBaseListView.php(150): preg_replace_callback()
#4 K:\apmxe\htdocs\yii\framework\zii\widgets\CBaseListView.php(135): CListView->renderContent()
#5 K:\apmxe\htdocs\yii\framework\web\CBaseController.php(175): CListView->run()
#6 K:\apmxe\htdocs\weblib\protected\views\doc\index.php(6): DocController->widget()
#7 K:\apmxe\htdocs\yii\framework\web\CBaseController.php(126): require()
#8 K:\apmxe\htdocs\yii\framework\web\CBaseController.php(95): DocController->renderInternal()
#9 K:\apmxe\htdocs\yii\framework\web\CController.php(869): DocController->renderFile()
#10 K:\apmxe\htdocs\yii\framework\web\CController.php(782): DocController->renderPartial()
#11 K:\apmxe\htdocs\weblib\protected\controllers\DocController.php(19): DocController->render()
#12 K:\apmxe\htdocs\yii\framework\web\actions\CInlineAction.php(49): DocController->actionIndex()
#13 K:\apmxe\htdocs\yii\framework\web\CController.php(308): CInlineAction->runWithParams()
#14 K:\apmxe\htdocs\yii\framework\web\CController.php(286): DocController->runAction()
#15 K:\apmxe\htdocs\yii\framework\web\CController.php(265): DocController->runActionWithFilters()
#16 K:\apmxe\htdocs\yii\framework\web\CWebApplication.php(282): DocController->run()
#17 K:\apmxe\htdocs\yii\framework\web\CWebApplication.php(141): CWebApplication->runController()
#18 K:\apmxe\htdocs\yii\framework\base\CApplication.php(180): CWebApplication->processRequest()
#19 K:\apmxe\htdocs\weblib\index.php(13): CWebApplication->run()
REQUEST_URI=/weblib/index.php?r=doc/index
in K:\apmxe\htdocs\weblib\protected\views\doc\index.php (6)
in K:\apmxe\htdocs\weblib\protected\controllers\DocController.php (19)
in K:\apmxe\htdocs\weblib\index.php (13)
2014/05/18 23:20:54 [error] [php] require() [<a href='function.require'>function.require</a>]: Filename cannot be empty (K:\apmxe\htdocs\yii\framework\web\CBaseController.php:130)
Stack trace:
#0 K:\apmxe\htdocs\yii\framework\zii\widgets\CListView.php(291): DocController->renderFile()
#1 K:\apmxe\htdocs\yii\framework\zii\widgets\CBaseListView.php(167): CListView->renderItems()
#2 unknown(0): CListView->renderSection()
#3 K:\apmxe\htdocs\yii\framework\zii\widgets\CBaseListView.php(150): preg_replace_callback()
#4 K:\apmxe\htdocs\yii\framework\zii\widgets\CBaseListView.php(135): CListView->renderContent()
#5 K:\apmxe\htdocs\yii\framework\web\CBaseController.php(173): CListView->run()
#6 K:\apmxe\htdocs\weblib\protected\views\doc\index.php(6): DocController->widget()
#7 K:\apmxe\htdocs\yii\framework\web\CBaseController.php(126): require()
#8 K:\apmxe\htdocs\yii\framework\web\CBaseController.php(95): DocController->renderInternal()
#9 K:\apmxe\htdocs\yii\framework\web\CController.php(869): DocController->renderFile()
#10 K:\apmxe\htdocs\yii\framework\web\CController.php(782): DocController->renderPartial()
#11 K:\apmxe\htdocs\weblib\protected\controllers\DocController.php(19): DocController->render()
#12 K:\apmxe\htdocs\yii\framework\web\actions\CInlineAction.php(49): DocController->actionIndex()
#13 K:\apmxe\htdocs\yii\framework\web\CController.php(308): CInlineAction->runWithParams()
#14 K:\apmxe\htdocs\yii\framework\web\CController.php(286): DocController->runAction()
#15 K:\apmxe\htdocs\yii\framework\web\CController.php(265): DocController->runActionWithFilters()
#16 K:\apmxe\htdocs\yii\framework\web\CWebApplication.php(282): DocController->run()
#17 K:\apmxe\htdocs\yii\framework\web\CWebApplication.php(141): CWebApplication->runController()
#18 K:\apmxe\htdocs\yii\framework\base\CApplication.php(180): CWebApplication->processRequest()
#19 K:\apmxe\htdocs\weblib\index.php(13): CWebApplication->run()
REQUEST_URI=/weblib/index.php?r=doc/index
in K:\apmxe\htdocs\weblib\protected\views\doc\index.php (6)
in K:\apmxe\htdocs\weblib\protected\controllers\DocController.php (19)
in K:\apmxe\htdocs\weblib\index.php (13)
2014/05/18 23:22:46 [error] [php] require() [<a href='function.require'>function.require</a>]: Filename cannot be empty (K:\apmxe\htdocs\yii\framework\web\CBaseController.php:130)
Stack trace:
#0 K:\apmxe\htdocs\yii\framework\zii\widgets\CListView.php(291): DocController->renderFile()
#1 K:\apmxe\htdocs\yii\framework\zii\widgets\CBaseListView.php(167): CListView->renderItems()
#2 unknown(0): CListView->renderSection()
#3 K:\apmxe\htdocs\yii\framework\zii\widgets\CBaseListView.php(150): preg_replace_callback()
#4 K:\apmxe\htdocs\yii\framework\zii\widgets\CBaseListView.php(135): CListView->renderContent()
#5 K:\apmxe\htdocs\yii\framework\web\CBaseController.php(173): CListView->run()
#6 K:\apmxe\htdocs\weblib\protected\views\doc\index.php(6): DocController->widget()
#7 K:\apmxe\htdocs\yii\framework\web\CBaseController.php(126): require()
#8 K:\apmxe\htdocs\yii\framework\web\CBaseController.php(95): DocController->renderInternal()
#9 K:\apmxe\htdocs\yii\framework\web\CController.php(869): DocController->renderFile()
#10 K:\apmxe\htdocs\yii\framework\web\CController.php(782): DocController->renderPartial()
#11 K:\apmxe\htdocs\weblib\protected\controllers\DocController.php(19): DocController->render()
#12 K:\apmxe\htdocs\yii\framework\web\actions\CInlineAction.php(49): DocController->actionIndex()
#13 K:\apmxe\htdocs\yii\framework\web\CController.php(308): CInlineAction->runWithParams()
#14 K:\apmxe\htdocs\yii\framework\web\CController.php(286): DocController->runAction()
#15 K:\apmxe\htdocs\yii\framework\web\CController.php(265): DocController->runActionWithFilters()
#16 K:\apmxe\htdocs\yii\framework\web\CWebApplication.php(282): DocController->run()
#17 K:\apmxe\htdocs\yii\framework\web\CWebApplication.php(141): CWebApplication->runController()
#18 K:\apmxe\htdocs\yii\framework\base\CApplication.php(180): CWebApplication->processRequest()
#19 K:\apmxe\htdocs\weblib\index.php(13): CWebApplication->run()
REQUEST_URI=/weblib/index.php?r=doc/index
in K:\apmxe\htdocs\weblib\protected\views\doc\index.php (6)
in K:\apmxe\htdocs\weblib\protected\controllers\DocController.php (19)
in K:\apmxe\htdocs\weblib\index.php (13)
2014/05/18 23:23:02 [error] [php] require() [<a href='function.require'>function.require</a>]: Filename cannot be empty (K:\apmxe\htdocs\yii\framework\web\CBaseController.php:130)
Stack trace:
#0 K:\apmxe\htdocs\yii\framework\zii\widgets\CListView.php(291): DocController->renderFile()
#1 K:\apmxe\htdocs\yii\framework\zii\widgets\CBaseListView.php(167): CListView->renderItems()
#2 unknown(0): CListView->renderSection()
#3 K:\apmxe\htdocs\yii\framework\zii\widgets\CBaseListView.php(150): preg_replace_callback()
#4 K:\apmxe\htdocs\yii\framework\zii\widgets\CBaseListView.php(135): CListView->renderContent()
#5 K:\apmxe\htdocs\yii\framework\web\CBaseController.php(173): CListView->run()
#6 K:\apmxe\htdocs\weblib\protected\views\doc\index.php(6): DocController->widget()
#7 K:\apmxe\htdocs\yii\framework\web\CBaseController.php(126): require()
#8 K:\apmxe\htdocs\yii\framework\web\CBaseController.php(95): DocController->renderInternal()
#9 K:\apmxe\htdocs\yii\framework\web\CController.php(869): DocController->renderFile()
#10 K:\apmxe\htdocs\yii\framework\web\CController.php(782): DocController->renderPartial()
#11 K:\apmxe\htdocs\weblib\protected\controllers\DocController.php(19): DocController->render()
#12 K:\apmxe\htdocs\yii\framework\web\actions\CInlineAction.php(49): DocController->actionIndex()
#13 K:\apmxe\htdocs\yii\framework\web\CController.php(308): CInlineAction->runWithParams()
#14 K:\apmxe\htdocs\yii\framework\web\CController.php(286): DocController->runAction()
#15 K:\apmxe\htdocs\yii\framework\web\CController.php(265): DocController->runActionWithFilters()
#16 K:\apmxe\htdocs\yii\framework\web\CWebApplication.php(282): DocController->run()
#17 K:\apmxe\htdocs\yii\framework\web\CWebApplication.php(141): CWebApplication->runController()
#18 K:\apmxe\htdocs\yii\framework\base\CApplication.php(180): CWebApplication->processRequest()
#19 K:\apmxe\htdocs\weblib\index.php(13): CWebApplication->run()
REQUEST_URI=/weblib/index.php?r=doc/index
in K:\apmxe\htdocs\weblib\protected\views\doc\index.php (6)
in K:\apmxe\htdocs\weblib\protected\controllers\DocController.php (19)
in K:\apmxe\htdocs\weblib\index.php (13)
2014/05/18 23:23:24 [error] [php] require() [<a href='function.require'>function.require</a>]: Filename cannot be empty (K:\apmxe\htdocs\yii\framework\web\CBaseController.php:130)
Stack trace:
#0 K:\apmxe\htdocs\yii\framework\zii\widgets\CListView.php(291): DocController->renderFile()
#1 K:\apmxe\htdocs\yii\framework\zii\widgets\CBaseListView.php(167): CListView->renderItems()
#2 unknown(0): CListView->renderSection()
#3 K:\apmxe\htdocs\yii\framework\zii\widgets\CBaseListView.php(150): preg_replace_callback()
#4 K:\apmxe\htdocs\yii\framework\zii\widgets\CBaseListView.php(135): CListView->renderContent()
#5 K:\apmxe\htdocs\yii\framework\web\CBaseController.php(173): CListView->run()
#6 K:\apmxe\htdocs\weblib\protected\views\doc\index.php(6): DocController->widget()
#7 K:\apmxe\htdocs\yii\framework\web\CBaseController.php(126): require()
#8 K:\apmxe\htdocs\yii\framework\web\CBaseController.php(95): DocController->renderInternal()
#9 K:\apmxe\htdocs\yii\framework\web\CController.php(869): DocController->renderFile()
#10 K:\apmxe\htdocs\yii\framework\web\CController.php(782): DocController->renderPartial()
#11 K:\apmxe\htdocs\weblib\protected\controllers\DocController.php(19): DocController->render()
#12 K:\apmxe\htdocs\yii\framework\web\actions\CInlineAction.php(49): DocController->actionIndex()
#13 K:\apmxe\htdocs\yii\framework\web\CController.php(308): CInlineAction->runWithParams()
#14 K:\apmxe\htdocs\yii\framework\web\CController.php(286): DocController->runAction()
#15 K:\apmxe\htdocs\yii\framework\web\CController.php(265): DocController->runActionWithFilters()
#16 K:\apmxe\htdocs\yii\framework\web\CWebApplication.php(282): DocController->run()
#17 K:\apmxe\htdocs\yii\framework\web\CWebApplication.php(141): CWebApplication->runController()
#18 K:\apmxe\htdocs\yii\framework\base\CApplication.php(180): CWebApplication->processRequest()
#19 K:\apmxe\htdocs\weblib\index.php(13): CWebApplication->run()
REQUEST_URI=/weblib/index.php?r=doc/index
in K:\apmxe\htdocs\weblib\protected\views\doc\index.php (6)
in K:\apmxe\htdocs\weblib\protected\controllers\DocController.php (19)
in K:\apmxe\htdocs\weblib\index.php (13)
2014/05/18 23:24:42 [error] [php] require() [<a href='function.require'>function.require</a>]: Filename cannot be empty (K:\apmxe\htdocs\yii\framework\web\CBaseController.php:130)
Stack trace:
#0 K:\apmxe\htdocs\yii\framework\zii\widgets\CListView.php(291): DocController->renderFile()
#1 K:\apmxe\htdocs\yii\framework\zii\widgets\CBaseListView.php(167): CListView->renderItems()
#2 unknown(0): CListView->renderSection()
#3 K:\apmxe\htdocs\yii\framework\zii\widgets\CBaseListView.php(150): preg_replace_callback()
#4 K:\apmxe\htdocs\yii\framework\zii\widgets\CBaseListView.php(135): CListView->renderContent()
#5 K:\apmxe\htdocs\yii\framework\web\CBaseController.php(173): CListView->run()
#6 K:\apmxe\htdocs\weblib\protected\views\doc\index.php(6): DocController->widget()
#7 K:\apmxe\htdocs\yii\framework\web\CBaseController.php(126): require()
#8 K:\apmxe\htdocs\yii\framework\web\CBaseController.php(95): DocController->renderInternal()
#9 K:\apmxe\htdocs\yii\framework\web\CController.php(869): DocController->renderFile()
#10 K:\apmxe\htdocs\yii\framework\web\CController.php(782): DocController->renderPartial()
#11 K:\apmxe\htdocs\weblib\protected\controllers\DocController.php(19): DocController->render()
#12 K:\apmxe\htdocs\yii\framework\web\actions\CInlineAction.php(49): DocController->actionIndex()
#13 K:\apmxe\htdocs\yii\framework\web\CController.php(308): CInlineAction->runWithParams()
#14 K:\apmxe\htdocs\yii\framework\web\CController.php(286): DocController->runAction()
#15 K:\apmxe\htdocs\yii\framework\web\CController.php(265): DocController->runActionWithFilters()
#16 K:\apmxe\htdocs\yii\framework\web\CWebApplication.php(282): DocController->run()
#17 K:\apmxe\htdocs\yii\framework\web\CWebApplication.php(141): CWebApplication->runController()
#18 K:\apmxe\htdocs\yii\framework\base\CApplication.php(180): CWebApplication->processRequest()
#19 K:\apmxe\htdocs\weblib\index.php(13): CWebApplication->run()
REQUEST_URI=/weblib/index.php?r=doc/index
in K:\apmxe\htdocs\weblib\protected\views\doc\index.php (6)
in K:\apmxe\htdocs\weblib\protected\controllers\DocController.php (19)
in K:\apmxe\htdocs\weblib\index.php (13)
2014/05/18 23:25:14 [error] [php] require() [<a href='function.require'>function.require</a>]: Filename cannot be empty (K:\apmxe\htdocs\yii\framework\web\CBaseController.php:130)
Stack trace:
#0 K:\apmxe\htdocs\yii\framework\zii\widgets\CListView.php(291): DocController->renderFile()
#1 K:\apmxe\htdocs\yii\framework\zii\widgets\CBaseListView.php(167): CListView->renderItems()
#2 unknown(0): CListView->renderSection()
#3 K:\apmxe\htdocs\yii\framework\zii\widgets\CBaseListView.php(150): preg_replace_callback()
#4 K:\apmxe\htdocs\yii\framework\zii\widgets\CBaseListView.php(135): CListView->renderContent()
#5 K:\apmxe\htdocs\yii\framework\web\CBaseController.php(173): CListView->run()
#6 K:\apmxe\htdocs\weblib\protected\views\doc\index.php(6): DocController->widget()
#7 K:\apmxe\htdocs\yii\framework\web\CBaseController.php(126): require()
#8 K:\apmxe\htdocs\yii\framework\web\CBaseController.php(95): DocController->renderInternal()
#9 K:\apmxe\htdocs\yii\framework\web\CController.php(869): DocController->renderFile()
#10 K:\apmxe\htdocs\yii\framework\web\CController.php(782): DocController->renderPartial()
#11 K:\apmxe\htdocs\weblib\protected\controllers\DocController.php(19): DocController->render()
#12 K:\apmxe\htdocs\yii\framework\web\actions\CInlineAction.php(49): DocController->actionIndex()
#13 K:\apmxe\htdocs\yii\framework\web\CController.php(308): CInlineAction->runWithParams()
#14 K:\apmxe\htdocs\yii\framework\web\CController.php(286): DocController->runAction()
#15 K:\apmxe\htdocs\yii\framework\web\CController.php(265): DocController->runActionWithFilters()
#16 K:\apmxe\htdocs\yii\framework\web\CWebApplication.php(282): DocController->run()
#17 K:\apmxe\htdocs\yii\framework\web\CWebApplication.php(141): CWebApplication->runController()
#18 K:\apmxe\htdocs\yii\framework\base\CApplication.php(180): CWebApplication->processRequest()
#19 K:\apmxe\htdocs\weblib\index.php(13): CWebApplication->run()
REQUEST_URI=/weblib/index.php?r=doc/index
in K:\apmxe\htdocs\weblib\protected\views\doc\index.php (6)
in K:\apmxe\htdocs\weblib\protected\controllers\DocController.php (19)
in K:\apmxe\htdocs\weblib\index.php (13)
2014/05/18 23:26:15 [error] [php] require() [<a href='function.require'>function.require</a>]: Filename cannot be empty (K:\apmxe\htdocs\yii\framework\web\CBaseController.php:130)
Stack trace:
#0 K:\apmxe\htdocs\yii\framework\zii\widgets\CListView.php(291): DocController->renderFile()
#1 K:\apmxe\htdocs\yii\framework\zii\widgets\CBaseListView.php(167): CListView->renderItems()
#2 unknown(0): CListView->renderSection()
#3 K:\apmxe\htdocs\yii\framework\zii\widgets\CBaseListView.php(150): preg_replace_callback()
#4 K:\apmxe\htdocs\yii\framework\zii\widgets\CBaseListView.php(135): CListView->renderContent()
#5 K:\apmxe\htdocs\yii\framework\web\CBaseController.php(173): CListView->run()
#6 K:\apmxe\htdocs\weblib\protected\views\doc\index.php(6): DocController->widget()
#7 K:\apmxe\htdocs\yii\framework\web\CBaseController.php(126): require()
#8 K:\apmxe\htdocs\yii\framework\web\CBaseController.php(95): DocController->renderInternal()
#9 K:\apmxe\htdocs\yii\framework\web\CController.php(869): DocController->renderFile()
#10 K:\apmxe\htdocs\yii\framework\web\CController.php(782): DocController->renderPartial()
#11 K:\apmxe\htdocs\weblib\protected\controllers\DocController.php(19): DocController->render()
#12 K:\apmxe\htdocs\yii\framework\web\actions\CInlineAction.php(49): DocController->actionIndex()
#13 K:\apmxe\htdocs\yii\framework\web\CController.php(308): CInlineAction->runWithParams()
#14 K:\apmxe\htdocs\yii\framework\web\CController.php(286): DocController->runAction()
#15 K:\apmxe\htdocs\yii\framework\web\CController.php(265): DocController->runActionWithFilters()
#16 K:\apmxe\htdocs\yii\framework\web\CWebApplication.php(282): DocController->run()
#17 K:\apmxe\htdocs\yii\framework\web\CWebApplication.php(141): CWebApplication->runController()
#18 K:\apmxe\htdocs\yii\framework\base\CApplication.php(180): CWebApplication->processRequest()
#19 K:\apmxe\htdocs\weblib\index.php(13): CWebApplication->run()
REQUEST_URI=/weblib/index.php?r=doc/index
in K:\apmxe\htdocs\weblib\protected\views\doc\index.php (6)
in K:\apmxe\htdocs\weblib\protected\controllers\DocController.php (19)
in K:\apmxe\htdocs\weblib\index.php (13)
2014/05/18 23:28:22 [error] [php] require() [<a href='function.require'>function.require</a>]: Filename cannot be empty (K:\apmxe\htdocs\yii\framework\web\CBaseController.php:130)
Stack trace:
#0 K:\apmxe\htdocs\yii\framework\zii\widgets\CListView.php(291): DocController->renderFile()
#1 K:\apmxe\htdocs\yii\framework\zii\widgets\CBaseListView.php(167): CListView->renderItems()
#2 unknown(0): CListView->renderSection()
#3 K:\apmxe\htdocs\yii\framework\zii\widgets\CBaseListView.php(150): preg_replace_callback()
#4 K:\apmxe\htdocs\yii\framework\zii\widgets\CBaseListView.php(135): CListView->renderContent()
#5 K:\apmxe\htdocs\yii\framework\web\CBaseController.php(173): CListView->run()
#6 K:\apmxe\htdocs\weblib\protected\views\doc\index.php(6): DocController->widget()
#7 K:\apmxe\htdocs\yii\framework\web\CBaseController.php(126): require()
#8 K:\apmxe\htdocs\yii\framework\web\CBaseController.php(95): DocController->renderInternal()
#9 K:\apmxe\htdocs\yii\framework\web\CController.php(869): DocController->renderFile()
#10 K:\apmxe\htdocs\yii\framework\web\CController.php(782): DocController->renderPartial()
#11 K:\apmxe\htdocs\weblib\protected\controllers\DocController.php(19): DocController->render()
#12 K:\apmxe\htdocs\yii\framework\web\actions\CInlineAction.php(49): DocController->actionIndex()
#13 K:\apmxe\htdocs\yii\framework\web\CController.php(308): CInlineAction->runWithParams()
#14 K:\apmxe\htdocs\yii\framework\web\CController.php(286): DocController->runAction()
#15 K:\apmxe\htdocs\yii\framework\web\CController.php(265): DocController->runActionWithFilters()
#16 K:\apmxe\htdocs\yii\framework\web\CWebApplication.php(282): DocController->run()
#17 K:\apmxe\htdocs\yii\framework\web\CWebApplication.php(141): CWebApplication->runController()
#18 K:\apmxe\htdocs\yii\framework\base\CApplication.php(180): CWebApplication->processRequest()
#19 K:\apmxe\htdocs\weblib\index.php(13): CWebApplication->run()
REQUEST_URI=/weblib/index.php?r=doc/index
in K:\apmxe\htdocs\weblib\protected\views\doc\index.php (6)
in K:\apmxe\htdocs\weblib\protected\controllers\DocController.php (19)
in K:\apmxe\htdocs\weblib\index.php (13)
2014/05/18 23:28:30 [error] [php] require() [<a href='function.require'>function.require</a>]: Filename cannot be empty (K:\apmxe\htdocs\yii\framework\web\CBaseController.php:130)
Stack trace:
#0 K:\apmxe\htdocs\yii\framework\zii\widgets\CListView.php(291): DocController->renderFile()
#1 K:\apmxe\htdocs\yii\framework\zii\widgets\CBaseListView.php(167): CListView->renderItems()
#2 unknown(0): CListView->renderSection()
#3 K:\apmxe\htdocs\yii\framework\zii\widgets\CBaseListView.php(150): preg_replace_callback()
#4 K:\apmxe\htdocs\yii\framework\zii\widgets\CBaseListView.php(135): CListView->renderContent()
#5 K:\apmxe\htdocs\yii\framework\web\CBaseController.php(173): CListView->run()
#6 K:\apmxe\htdocs\weblib\protected\views\doc\index.php(6): DocController->widget()
#7 K:\apmxe\htdocs\yii\framework\web\CBaseController.php(126): require()
#8 K:\apmxe\htdocs\yii\framework\web\CBaseController.php(95): DocController->renderInternal()
#9 K:\apmxe\htdocs\yii\framework\web\CController.php(869): DocController->renderFile()
#10 K:\apmxe\htdocs\yii\framework\web\CController.php(782): DocController->renderPartial()
#11 K:\apmxe\htdocs\weblib\protected\controllers\DocController.php(19): DocController->render()
#12 K:\apmxe\htdocs\yii\framework\web\actions\CInlineAction.php(49): DocController->actionIndex()
#13 K:\apmxe\htdocs\yii\framework\web\CController.php(308): CInlineAction->runWithParams()
#14 K:\apmxe\htdocs\yii\framework\web\CController.php(286): DocController->runAction()
#15 K:\apmxe\htdocs\yii\framework\web\CController.php(265): DocController->runActionWithFilters()
#16 K:\apmxe\htdocs\yii\framework\web\CWebApplication.php(282): DocController->run()
#17 K:\apmxe\htdocs\yii\framework\web\CWebApplication.php(141): CWebApplication->runController()
#18 K:\apmxe\htdocs\yii\framework\base\CApplication.php(180): CWebApplication->processRequest()
#19 K:\apmxe\htdocs\weblib\index.php(13): CWebApplication->run()
REQUEST_URI=/weblib/index.php?r=doc/index
in K:\apmxe\htdocs\weblib\protected\views\doc\index.php (6)
in K:\apmxe\htdocs\weblib\protected\controllers\DocController.php (19)
in K:\apmxe\htdocs\weblib\index.php (13)
2014/05/18 23:28:51 [error] [php] require() [<a href='function.require'>function.require</a>]: Filename cannot be empty (K:\apmxe\htdocs\yii\framework\web\CBaseController.php:130)
Stack trace:
#0 K:\apmxe\htdocs\yii\framework\zii\widgets\CListView.php(291): DocController->renderFile()
#1 K:\apmxe\htdocs\yii\framework\zii\widgets\CBaseListView.php(167): CListView->renderItems()
#2 unknown(0): CListView->renderSection()
#3 K:\apmxe\htdocs\yii\framework\zii\widgets\CBaseListView.php(150): preg_replace_callback()
#4 K:\apmxe\htdocs\yii\framework\zii\widgets\CBaseListView.php(135): CListView->renderContent()
#5 K:\apmxe\htdocs\yii\framework\web\CBaseController.php(173): CListView->run()
#6 K:\apmxe\htdocs\weblib\protected\views\doc\index.php(6): DocController->widget()
#7 K:\apmxe\htdocs\yii\framework\web\CBaseController.php(126): require()
#8 K:\apmxe\htdocs\yii\framework\web\CBaseController.php(95): DocController->renderInternal()
#9 K:\apmxe\htdocs\yii\framework\web\CController.php(869): DocController->renderFile()
#10 K:\apmxe\htdocs\yii\framework\web\CController.php(782): DocController->renderPartial()
#11 K:\apmxe\htdocs\weblib\protected\controllers\DocController.php(19): DocController->render()
#12 K:\apmxe\htdocs\yii\framework\web\actions\CInlineAction.php(49): DocController->actionIndex()
#13 K:\apmxe\htdocs\yii\framework\web\CController.php(308): CInlineAction->runWithParams()
#14 K:\apmxe\htdocs\yii\framework\web\CController.php(286): DocController->runAction()
#15 K:\apmxe\htdocs\yii\framework\web\CController.php(265): DocController->runActionWithFilters()
#16 K:\apmxe\htdocs\yii\framework\web\CWebApplication.php(282): DocController->run()
#17 K:\apmxe\htdocs\yii\framework\web\CWebApplication.php(141): CWebApplication->runController()
#18 K:\apmxe\htdocs\yii\framework\base\CApplication.php(180): CWebApplication->processRequest()
#19 K:\apmxe\htdocs\weblib\index.php(13): CWebApplication->run()
REQUEST_URI=/weblib/index.php?r=doc/index
in K:\apmxe\htdocs\weblib\protected\views\doc\index.php (6)
in K:\apmxe\htdocs\weblib\protected\controllers\DocController.php (19)
in K:\apmxe\htdocs\weblib\index.php (13)
2014/05/18 23:29:30 [error] [php] require() [<a href='function.require'>function.require</a>]: Filename cannot be empty (K:\apmxe\htdocs\yii\framework\web\CBaseController.php:130)
Stack trace:
#0 K:\apmxe\htdocs\yii\framework\zii\widgets\CListView.php(291): DocController->renderFile()
#1 K:\apmxe\htdocs\yii\framework\zii\widgets\CBaseListView.php(167): CListView->renderItems()
#2 unknown(0): CListView->renderSection()
#3 K:\apmxe\htdocs\yii\framework\zii\widgets\CBaseListView.php(150): preg_replace_callback()
#4 K:\apmxe\htdocs\yii\framework\zii\widgets\CBaseListView.php(135): CListView->renderContent()
#5 K:\apmxe\htdocs\yii\framework\web\CBaseController.php(173): CListView->run()
#6 K:\apmxe\htdocs\weblib\protected\views\doc\index.php(6): DocController->widget()
#7 K:\apmxe\htdocs\yii\framework\web\CBaseController.php(126): require()
#8 K:\apmxe\htdocs\yii\framework\web\CBaseController.php(95): DocController->renderInternal()
#9 K:\apmxe\htdocs\yii\framework\web\CController.php(869): DocController->renderFile()
#10 K:\apmxe\htdocs\yii\framework\web\CController.php(782): DocController->renderPartial()
#11 K:\apmxe\htdocs\weblib\protected\controllers\DocController.php(19): DocController->render()
#12 K:\apmxe\htdocs\yii\framework\web\actions\CInlineAction.php(49): DocController->actionIndex()
#13 K:\apmxe\htdocs\yii\framework\web\CController.php(308): CInlineAction->runWithParams()
#14 K:\apmxe\htdocs\yii\framework\web\CController.php(286): DocController->runAction()
#15 K:\apmxe\htdocs\yii\framework\web\CController.php(265): DocController->runActionWithFilters()
#16 K:\apmxe\htdocs\yii\framework\web\CWebApplication.php(282): DocController->run()
#17 K:\apmxe\htdocs\yii\framework\web\CWebApplication.php(141): CWebApplication->runController()
#18 K:\apmxe\htdocs\yii\framework\base\CApplication.php(180): CWebApplication->processRequest()
#19 K:\apmxe\htdocs\weblib\index.php(13): CWebApplication->run()
REQUEST_URI=/weblib/index.php?r=doc/index
in K:\apmxe\htdocs\weblib\protected\views\doc\index.php (6)
in K:\apmxe\htdocs\weblib\protected\controllers\DocController.php (19)
in K:\apmxe\htdocs\weblib\index.php (13)
2014/05/18 23:31:44 [error] [php] require() [<a href='function.require'>function.require</a>]: Filename cannot be empty (K:\apmxe\htdocs\yii\framework\web\CBaseController.php:130)
Stack trace:
#0 K:\apmxe\htdocs\yii\framework\zii\widgets\CListView.php(291): DocController->renderFile()
#1 K:\apmxe\htdocs\yii\framework\zii\widgets\CBaseListView.php(167): CListView->renderItems()
#2 unknown(0): CListView->renderSection()
#3 K:\apmxe\htdocs\yii\framework\zii\widgets\CBaseListView.php(150): preg_replace_callback()
#4 K:\apmxe\htdocs\yii\framework\zii\widgets\CBaseListView.php(135): CListView->renderContent()
#5 K:\apmxe\htdocs\yii\framework\web\CBaseController.php(173): CListView->run()
#6 K:\apmxe\htdocs\weblib\protected\views\doc\index.php(6): DocController->widget()
#7 K:\apmxe\htdocs\yii\framework\web\CBaseController.php(126): require()
#8 K:\apmxe\htdocs\yii\framework\web\CBaseController.php(95): DocController->renderInternal()
#9 K:\apmxe\htdocs\yii\framework\web\CController.php(869): DocController->renderFile()
#10 K:\apmxe\htdocs\yii\framework\web\CController.php(782): DocController->renderPartial()
#11 K:\apmxe\htdocs\weblib\protected\controllers\DocController.php(19): DocController->render()
#12 K:\apmxe\htdocs\yii\framework\web\actions\CInlineAction.php(49): DocController->actionIndex()
#13 K:\apmxe\htdocs\yii\framework\web\CController.php(308): CInlineAction->runWithParams()
#14 K:\apmxe\htdocs\yii\framework\web\CController.php(286): DocController->runAction()
#15 K:\apmxe\htdocs\yii\framework\web\CController.php(265): DocController->runActionWithFilters()
#16 K:\apmxe\htdocs\yii\framework\web\CWebApplication.php(282): DocController->run()
#17 K:\apmxe\htdocs\yii\framework\web\CWebApplication.php(141): CWebApplication->runController()
#18 K:\apmxe\htdocs\yii\framework\base\CApplication.php(180): CWebApplication->processRequest()
#19 K:\apmxe\htdocs\weblib\index.php(13): CWebApplication->run()
REQUEST_URI=/weblib/index.php?r=doc/index
in K:\apmxe\htdocs\weblib\protected\views\doc\index.php (6)
in K:\apmxe\htdocs\weblib\protected\controllers\DocController.php (19)
in K:\apmxe\htdocs\weblib\index.php (13)
2014/05/18 23:32:12 [error] [php] require() [<a href='function.require'>function.require</a>]: Filename cannot be empty (K:\apmxe\htdocs\yii\framework\web\CBaseController.php:130)
Stack trace:
#0 K:\apmxe\htdocs\yii\framework\zii\widgets\CListView.php(291): DocController->renderFile()
#1 K:\apmxe\htdocs\yii\framework\zii\widgets\CBaseListView.php(167): CListView->renderItems()
#2 unknown(0): CListView->renderSection()
#3 K:\apmxe\htdocs\yii\framework\zii\widgets\CBaseListView.php(150): preg_replace_callback()
#4 K:\apmxe\htdocs\yii\framework\zii\widgets\CBaseListView.php(135): CListView->renderContent()
#5 K:\apmxe\htdocs\yii\framework\web\CBaseController.php(173): CListView->run()
#6 K:\apmxe\htdocs\weblib\protected\views\doc\index.php(6): DocController->widget()
#7 K:\apmxe\htdocs\yii\framework\web\CBaseController.php(126): require()
#8 K:\apmxe\htdocs\yii\framework\web\CBaseController.php(95): DocController->renderInternal()
#9 K:\apmxe\htdocs\yii\framework\web\CController.php(869): DocController->renderFile()
#10 K:\apmxe\htdocs\yii\framework\web\CController.php(782): DocController->renderPartial()
#11 K:\apmxe\htdocs\weblib\protected\controllers\DocController.php(19): DocController->render()
#12 K:\apmxe\htdocs\yii\framework\web\actions\CInlineAction.php(49): DocController->actionIndex()
#13 K:\apmxe\htdocs\yii\framework\web\CController.php(308): CInlineAction->runWithParams()
#14 K:\apmxe\htdocs\yii\framework\web\CController.php(286): DocController->runAction()
#15 K:\apmxe\htdocs\yii\framework\web\CController.php(265): DocController->runActionWithFilters()
#16 K:\apmxe\htdocs\yii\framework\web\CWebApplication.php(282): DocController->run()
#17 K:\apmxe\htdocs\yii\framework\web\CWebApplication.php(141): CWebApplication->runController()
#18 K:\apmxe\htdocs\yii\framework\base\CApplication.php(180): CWebApplication->processRequest()
#19 K:\apmxe\htdocs\weblib\index.php(13): CWebApplication->run()
REQUEST_URI=/weblib/index.php?r=doc/index
in K:\apmxe\htdocs\weblib\protected\views\doc\index.php (6)
in K:\apmxe\htdocs\weblib\protected\controllers\DocController.php (19)
in K:\apmxe\htdocs\weblib\index.php (13)
2014/05/18 23:35:21 [error] [php] require() [<a href='function.require'>function.require</a>]: Filename cannot be empty (K:\apmxe\htdocs\yii\framework\web\CBaseController.php:130)
Stack trace:
#0 K:\apmxe\htdocs\yii\framework\zii\widgets\CListView.php(291): DocController->renderFile()
#1 K:\apmxe\htdocs\yii\framework\zii\widgets\CBaseListView.php(167): CListView->renderItems()
#2 unknown(0): CListView->renderSection()
#3 K:\apmxe\htdocs\yii\framework\zii\widgets\CBaseListView.php(150): preg_replace_callback()
#4 K:\apmxe\htdocs\yii\framework\zii\widgets\CBaseListView.php(135): CListView->renderContent()
#5 K:\apmxe\htdocs\yii\framework\web\CBaseController.php(173): CListView->run()
#6 K:\apmxe\htdocs\weblib\protected\views\doc\index.php(6): DocController->widget()
#7 K:\apmxe\htdocs\yii\framework\web\CBaseController.php(126): require()
#8 K:\apmxe\htdocs\yii\framework\web\CBaseController.php(95): DocController->renderInternal()
#9 K:\apmxe\htdocs\yii\framework\web\CController.php(869): DocController->renderFile()
#10 K:\apmxe\htdocs\yii\framework\web\CController.php(782): DocController->renderPartial()
#11 K:\apmxe\htdocs\weblib\protected\controllers\DocController.php(19): DocController->render()
#12 K:\apmxe\htdocs\yii\framework\web\actions\CInlineAction.php(49): DocController->actionIndex()
#13 K:\apmxe\htdocs\yii\framework\web\CController.php(308): CInlineAction->runWithParams()
#14 K:\apmxe\htdocs\yii\framework\web\CController.php(286): DocController->runAction()
#15 K:\apmxe\htdocs\yii\framework\web\CController.php(265): DocController->runActionWithFilters()
#16 K:\apmxe\htdocs\yii\framework\web\CWebApplication.php(282): DocController->run()
#17 K:\apmxe\htdocs\yii\framework\web\CWebApplication.php(141): CWebApplication->runController()
#18 K:\apmxe\htdocs\yii\framework\base\CApplication.php(180): CWebApplication->processRequest()
#19 K:\apmxe\htdocs\weblib\index.php(13): CWebApplication->run()
REQUEST_URI=/weblib/index.php?r=doc/index
in K:\apmxe\htdocs\weblib\protected\views\doc\index.php (6)
in K:\apmxe\htdocs\weblib\protected\controllers\DocController.php (19)
in K:\apmxe\htdocs\weblib\index.php (13)
2014/05/18 23:35:37 [error] [php] require() [<a href='function.require'>function.require</a>]: Filename cannot be empty (K:\apmxe\htdocs\yii\framework\web\CBaseController.php:130)
Stack trace:
#0 K:\apmxe\htdocs\yii\framework\zii\widgets\CListView.php(291): DocController->renderFile()
#1 K:\apmxe\htdocs\yii\framework\zii\widgets\CBaseListView.php(167): CListView->renderItems()
#2 unknown(0): CListView->renderSection()
#3 K:\apmxe\htdocs\yii\framework\zii\widgets\CBaseListView.php(150): preg_replace_callback()
#4 K:\apmxe\htdocs\yii\framework\zii\widgets\CBaseListView.php(135): CListView->renderContent()
#5 K:\apmxe\htdocs\yii\framework\web\CBaseController.php(173): CListView->run()
#6 K:\apmxe\htdocs\weblib\protected\views\doc\index.php(6): DocController->widget()
#7 K:\apmxe\htdocs\yii\framework\web\CBaseController.php(126): require()
#8 K:\apmxe\htdocs\yii\framework\web\CBaseController.php(95): DocController->renderInternal()
#9 K:\apmxe\htdocs\yii\framework\web\CController.php(869): DocController->renderFile()
#10 K:\apmxe\htdocs\yii\framework\web\CController.php(782): DocController->renderPartial()
#11 K:\apmxe\htdocs\weblib\protected\controllers\DocController.php(19): DocController->render()
#12 K:\apmxe\htdocs\yii\framework\web\actions\CInlineAction.php(49): DocController->actionIndex()
#13 K:\apmxe\htdocs\yii\framework\web\CController.php(308): CInlineAction->runWithParams()
#14 K:\apmxe\htdocs\yii\framework\web\CController.php(286): DocController->runAction()
#15 K:\apmxe\htdocs\yii\framework\web\CController.php(265): DocController->runActionWithFilters()
#16 K:\apmxe\htdocs\yii\framework\web\CWebApplication.php(282): DocController->run()
#17 K:\apmxe\htdocs\yii\framework\web\CWebApplication.php(141): CWebApplication->runController()
#18 K:\apmxe\htdocs\yii\framework\base\CApplication.php(180): CWebApplication->processRequest()
#19 K:\apmxe\htdocs\weblib\index.php(13): CWebApplication->run()
REQUEST_URI=/weblib/index.php?r=doc/index
in K:\apmxe\htdocs\weblib\protected\views\doc\index.php (6)
in K:\apmxe\htdocs\weblib\protected\controllers\DocController.php (19)
in K:\apmxe\htdocs\weblib\index.php (13)
2014/05/18 23:37:41 [error] [exception.CException] exception 'CException' with message 'Property "Doc.tagLinks" is not defined.' in K:\apmxe\htdocs\yii\framework\base\CComponent.php:130
Stack trace:
#0 K:\apmxe\htdocs\yii\framework\db\ar\CActiveRecord.php(145): CComponent->__get('tagLinks')
#1 K:\apmxe\htdocs\weblib\protected\views\doc\_view.php(17): CActiveRecord->__get('tagLinks')
#2 K:\apmxe\htdocs\yii\framework\web\CBaseController.php(130): require('K:\apmxe\htdocs...')
#3 K:\apmxe\htdocs\yii\framework\web\CBaseController.php(95): CBaseController->renderInternal('K:\apmxe\htdocs...', Array, false)
#4 K:\apmxe\htdocs\yii\framework\zii\widgets\CListView.php(291): CBaseController->renderFile('K:\apmxe\htdocs...', Array)
#5 K:\apmxe\htdocs\yii\framework\zii\widgets\CBaseListView.php(167): CListView->renderItems()
#6 [internal function]: CBaseListView->renderSection(Array)
#7 K:\apmxe\htdocs\yii\framework\zii\widgets\CBaseListView.php(150): preg_replace_callback('/{(\w+)}/', Array, '{summary}?{sort...')
#8 K:\apmxe\htdocs\yii\framework\zii\widgets\CBaseListView.php(135): CBaseListView->renderContent()
#9 K:\apmxe\htdocs\yii\framework\web\CBaseController.php(173): CBaseListView->run()
#10 K:\apmxe\htdocs\weblib\protected\views\doc\index.php(6): CBaseController->widget('zii.widgets.CLi...', Array)
#11 K:\apmxe\htdocs\yii\framework\web\CBaseController.php(126): require('K:\apmxe\htdocs...')
#12 K:\apmxe\htdocs\yii\framework\web\CBaseController.php(95): CBaseController->renderInternal('K:\apmxe\htdocs...', Array, true)
#13 K:\apmxe\htdocs\yii\framework\web\CController.php(869): CBaseController->renderFile('K:\apmxe\htdocs...', Array, true)
#14 K:\apmxe\htdocs\yii\framework\web\CController.php(782): CController->renderPartial('index', Array, true)
#15 K:\apmxe\htdocs\weblib\protected\controllers\DocController.php(19): CController->render('index', Array)
#16 K:\apmxe\htdocs\yii\framework\web\actions\CInlineAction.php(49): DocController->actionIndex()
#17 K:\apmxe\htdocs\yii\framework\web\CController.php(308): CInlineAction->runWithParams(Array)
#18 K:\apmxe\htdocs\yii\framework\web\CController.php(286): CController->runAction(Object(CInlineAction))
#19 K:\apmxe\htdocs\yii\framework\web\CController.php(265): CController->runActionWithFilters(Object(CInlineAction), Array)
#20 K:\apmxe\htdocs\yii\framework\web\CWebApplication.php(282): CController->run('index')
#21 K:\apmxe\htdocs\yii\framework\web\CWebApplication.php(141): CWebApplication->runController('doc/index')
#22 K:\apmxe\htdocs\yii\framework\base\CApplication.php(180): CWebApplication->processRequest()
#23 K:\apmxe\htdocs\weblib\index.php(13): CApplication->run()
#24 {main}
REQUEST_URI=/weblib/index.php?r=doc/index
---
